{"/home/travis/build/npmtest/node-npmtest-redis-sessions/test.js":{"path":"/home/travis/build/npmtest/node-npmtest-redis-sessions/test.js","s":{"1":2,"2":2,"3":2,"4":2,"5":2,"6":2,"7":2,"8":1,"9":2,"10":2,"11":1,"12":1,"13":1,"14":1,"15":2,"16":2,"17":2,"18":2,"19":1,"20":1,"21":2,"22":2,"23":2,"24":1,"25":1,"26":1,"27":1,"28":1,"29":1,"30":1,"31":1,"32":1,"33":1,"34":1,"35":1,"36":1,"37":1,"38":1,"39":2,"40":2,"41":1,"42":2,"43":2,"44":1,"45":2,"46":2,"47":1,"48":2,"49":2,"50":1,"51":1,"52":1,"53":1,"54":1},"b":{"1":[2,1,1,1],"2":[1,1,1,1],"3":[1,1],"4":[1,1],"5":[1,1],"6":[1,1],"7":[1,1],"8":[1,1],"9":[1,1],"10":[1,1,1],"11":[1,1],"12":[1,1],"13":[1,1],"14":[1,1],"15":[1,1],"16":[1,1],"17":[1,1]},"f":{"1":2,"2":2,"3":2,"4":2,"5":2,"6":1,"7":1,"8":1,"9":2,"10":2,"11":2,"12":2,"13":1},"fnMap":{"1":{"name":"(anonymous_1)","line":12,"loc":{"start":{"line":12,"column":1},"end":{"line":12,"column":13}}},"2":{"name":"(anonymous_2)","line":19,"loc":{"start":{"line":19,"column":5},"end":{"line":19,"column":17}}},"3":{"name":"(anonymous_3)","line":23,"loc":{"start":{"line":23,"column":24},"end":{"line":23,"column":36}}},"4":{"name":"(anonymous_4)","line":61,"loc":{"start":{"line":61,"column":5},"end":{"line":61,"column":17}}},"5":{"name":"(anonymous_5)","line":82,"loc":{"start":{"line":82,"column":5},"end":{"line":82,"column":17}}},"6":{"name":"(anonymous_6)","line":91,"loc":{"start":{"line":91,"column":77},"end":{"line":94,"column":10}}},"7":{"name":"(anonymous_7)","line":112,"loc":{"start":{"line":112,"column":83},"end":{"line":115,"column":10}},"skip":true},"8":{"name":"(anonymous_8)","line":123,"loc":{"start":{"line":123,"column":77},"end":{"line":126,"column":10}},"skip":true},"9":{"name":"(anonymous_9)","line":139,"loc":{"start":{"line":139,"column":12},"end":{"line":139,"column":40}},"skip":true},"10":{"name":"(anonymous_10)","line":147,"loc":{"start":{"line":147,"column":77},"end":{"line":150,"column":10}},"skip":true},"11":{"name":"(anonymous_11)","line":158,"loc":{"start":{"line":158,"column":83},"end":{"line":161,"column":10}},"skip":true},"12":{"name":"(anonymous_12)","line":169,"loc":{"start":{"line":169,"column":79},"end":{"line":172,"column":10}},"skip":true},"13":{"name":"(anonymous_13)","line":180,"loc":{"start":{"line":180,"column":75},"end":{"line":183,"column":10}},"skip":true}},"statementMap":{"1":{"start":{"line":12,"column":0},"end":{"line":195,"column":5}},"2":{"start":{"line":14,"column":4},"end":{"line":14,"column":14}},"3":{"start":{"line":19,"column":4},"end":{"line":56,"column":9}},"4":{"start":{"line":21,"column":8},"end":{"line":21,"column":19}},"5":{"start":{"line":23,"column":8},"end":{"line":35,"column":13}},"6":{"start":{"line":24,"column":12},"end":{"line":34,"column":13}},"7":{"start":{"line":25,"column":16},"end":{"line":28,"column":30}},"8":{"start":{"line":30,"column":16},"end":{"line":33,"column":27}},"9":{"start":{"line":37,"column":8},"end":{"line":39,"column":21}},"10":{"start":{"line":40,"column":8},"end":{"line":53,"column":9}},"11":{"start":{"line":43,"column":12},"end":{"line":46,"column":14}},"12":{"start":{"line":47,"column":12},"end":{"line":47,"column":18}},"13":{"start":{"line":50,"column":12},"end":{"line":51,"column":33}},"14":{"start":{"line":52,"column":12},"end":{"line":52,"column":18}},"15":{"start":{"line":55,"column":8},"end":{"line":55,"column":35}},"16":{"start":{"line":61,"column":4},"end":{"line":63,"column":9}},"17":{"start":{"line":62,"column":8},"end":{"line":62,"column":15}},"18":{"start":{"line":64,"column":4},"end":{"line":77,"column":5}},"19":{"start":{"line":70,"column":8},"end":{"line":70,"column":14}},"20":{"start":{"line":76,"column":8},"end":{"line":76,"column":14}},"21":{"start":{"line":82,"column":4},"end":{"line":84,"column":9}},"22":{"start":{"line":83,"column":8},"end":{"line":83,"column":15}},"23":{"start":{"line":85,"column":4},"end":{"line":194,"column":5}},"24":{"start":{"line":91,"column":8},"end":{"line":99,"column":10}},"25":{"start":{"line":98,"column":12},"end":{"line":98,"column":35}},"26":{"start":{"line":102,"column":8},"end":{"line":104,"column":63}},"27":{"start":{"line":105,"column":8},"end":{"line":105,"column":14}},"28":{"start":{"line":112,"column":8},"end":{"line":121,"column":10},"skip":true},"29":{"start":{"line":119,"column":12},"end":{"line":119,"column":55},"skip":true},"30":{"start":{"line":120,"column":12},"end":{"line":120,"column":48},"skip":true},"31":{"start":{"line":123,"column":8},"end":{"line":136,"column":10},"skip":true},"32":{"start":{"line":130,"column":12},"end":{"line":130,"column":76},"skip":true},"33":{"start":{"line":131,"column":12},"end":{"line":131,"column":73},"skip":true},"34":{"start":{"line":132,"column":12},"end":{"line":132,"column":74},"skip":true},"35":{"start":{"line":133,"column":12},"end":{"line":133,"column":79},"skip":true},"36":{"start":{"line":134,"column":12},"end":{"line":134,"column":25},"skip":true},"37":{"start":{"line":135,"column":12},"end":{"line":135,"column":45},"skip":true},"38":{"start":{"line":138,"column":8},"end":{"line":145,"column":14},"skip":true},"39":{"start":{"line":143,"column":16},"end":{"line":143,"column":29},"skip":true},"40":{"start":{"line":144,"column":16},"end":{"line":144,"column":55},"skip":true},"41":{"start":{"line":147,"column":8},"end":{"line":156,"column":10},"skip":true},"42":{"start":{"line":154,"column":12},"end":{"line":154,"column":25},"skip":true},"43":{"start":{"line":155,"column":12},"end":{"line":155,"column":45},"skip":true},"44":{"start":{"line":158,"column":8},"end":{"line":167,"column":10},"skip":true},"45":{"start":{"line":165,"column":12},"end":{"line":165,"column":25},"skip":true},"46":{"start":{"line":166,"column":12},"end":{"line":166,"column":48},"skip":true},"47":{"start":{"line":169,"column":8},"end":{"line":178,"column":10},"skip":true},"48":{"start":{"line":176,"column":12},"end":{"line":176,"column":25},"skip":true},"49":{"start":{"line":177,"column":12},"end":{"line":177,"column":46},"skip":true},"50":{"start":{"line":180,"column":8},"end":{"line":189,"column":10},"skip":true},"51":{"start":{"line":187,"column":12},"end":{"line":187,"column":94},"skip":true},"52":{"start":{"line":188,"column":12},"end":{"line":188,"column":48},"skip":true},"53":{"start":{"line":192,"column":8},"end":{"line":192,"column":35},"skip":true},"54":{"start":{"line":193,"column":8},"end":{"line":193,"column":14},"skip":true}},"branchMap":{"1":{"line":25,"type":"binary-expr","locations":[{"start":{"line":25,"column":23},"end":{"line":25,"column":62}},{"start":{"line":26,"column":20},"end":{"line":26,"column":70}},{"start":{"line":27,"column":20},"end":{"line":27,"column":71}},{"start":{"line":28,"column":20},"end":{"line":28,"column":29}}]},"2":{"line":30,"type":"binary-expr","locations":[{"start":{"line":30,"column":23},"end":{"line":30,"column":37}},{"start":{"line":31,"column":20},"end":{"line":31,"column":61}},{"start":{"line":32,"column":20},"end":{"line":32,"column":70}},{"start":{"line":33,"column":20},"end":{"line":33,"column":26}}]},"3":{"line":37,"type":"cond-expr","locations":[{"start":{"line":38,"column":14},"end":{"line":38,"column":20}},{"start":{"line":39,"column":14},"end":{"line":39,"column":20}}]},"4":{"line":40,"type":"switch","locations":[{"start":{"line":42,"column":8},"end":{"line":47,"column":18}},{"start":{"line":49,"column":8},"end":{"line":52,"column":18}}]},"5":{"line":44,"type":"binary-expr","locations":[{"start":{"line":44,"column":16},"end":{"line":44,"column":44}},{"start":{"line":44,"column":48},"end":{"line":44,"column":66}}]},"6":{"line":50,"type":"binary-expr","locations":[{"start":{"line":50,"column":21},"end":{"line":50,"column":49}},{"start":{"line":50,"column":53},"end":{"line":50,"column":72}}]},"7":{"line":64,"type":"switch","locations":[{"start":{"line":69,"column":4},"end":{"line":70,"column":14}},{"start":{"line":75,"column":4},"end":{"line":76,"column":14}}]},"8":{"line":85,"type":"switch","locations":[{"start":{"line":90,"column":4},"end":{"line":105,"column":14}},{"start":{"line":111,"column":4},"end":{"line":193,"column":14},"skip":true}]},"9":{"line":91,"type":"binary-expr","locations":[{"start":{"line":91,"column":42},"end":{"line":91,"column":73}},{"start":{"line":91,"column":77},"end":{"line":99,"column":9}}]},"10":{"line":102,"type":"binary-expr","locations":[{"start":{"line":102,"column":18},"end":{"line":102,"column":32}},{"start":{"line":103,"column":12},"end":{"line":103,"column":53}},{"start":{"line":104,"column":12},"end":{"line":104,"column":61}}]},"11":{"line":112,"type":"binary-expr","locations":[{"start":{"line":112,"column":45},"end":{"line":112,"column":79},"skip":true},{"start":{"line":112,"column":83},"end":{"line":121,"column":9},"skip":true}]},"12":{"line":123,"type":"binary-expr","locations":[{"start":{"line":123,"column":42},"end":{"line":123,"column":73},"skip":true},{"start":{"line":123,"column":77},"end":{"line":136,"column":9},"skip":true}]},"13":{"line":138,"type":"binary-expr","locations":[{"start":{"line":138,"column":48},"end":{"line":138,"column":85},"skip":true},{"start":{"line":139,"column":12},"end":{"line":145,"column":13},"skip":true}]},"14":{"line":147,"type":"binary-expr","locations":[{"start":{"line":147,"column":42},"end":{"line":147,"column":73},"skip":true},{"start":{"line":147,"column":77},"end":{"line":156,"column":9},"skip":true}]},"15":{"line":158,"type":"binary-expr","locations":[{"start":{"line":158,"column":45},"end":{"line":158,"column":79},"skip":true},{"start":{"line":158,"column":83},"end":{"line":167,"column":9},"skip":true}]},"16":{"line":169,"type":"binary-expr","locations":[{"start":{"line":169,"column":43},"end":{"line":169,"column":75},"skip":true},{"start":{"line":169,"column":79},"end":{"line":178,"column":9},"skip":true}]},"17":{"line":180,"type":"binary-expr","locations":[{"start":{"line":180,"column":41},"end":{"line":180,"column":71},"skip":true},{"start":{"line":180,"column":75},"end":{"line":189,"column":9},"skip":true}]}},"code":["/* istanbul instrument in package npmtest_redis_sessions */","/*jslint","    bitwise: true,","    browser: true,","    maxerr: 8,","    maxlen: 96,","    node: true,","    nomen: true,","    regexp: true,","    stupid: true","*/","(function () {","    'use strict';","    var local;","","","","    // run shared js-env code - init-before","    (function () {","        // init local","        local = {};","        // init modeJs","        local.modeJs = (function () {","            try {","                return typeof navigator.userAgent === 'string' &&","                    typeof document.querySelector('body') === 'object' &&","                    typeof XMLHttpRequest.prototype.open === 'function' &&","                    'browser';","            } catch (errorCaughtBrowser) {","                return module.exports &&","                    typeof process.versions.node === 'string' &&","                    typeof require('http').createServer === 'function' &&","                    'node';","            }","        }());","        // init global","        local.global = local.modeJs === 'browser'","            ? window","            : global;","        switch (local.modeJs) {","        // re-init local from window.local","        case 'browser':","            local = local.global.utility2.objectSetDefault(","                local.global.utility2_rollup || local.global.local,","                local.global.utility2","            );","            break;","        // re-init local from example.js","        case 'node':","            local = (local.global.utility2_rollup || require('utility2'))","                .requireReadme();","            break;","        }","        // export local","        local.global.local = local;","    }());","","","","    // run shared js-env code - function","    (function () {","        return;","    }());","    switch (local.modeJs) {","","","","    // run browser js-env code - function","    case 'browser':","        break;","","","","    // run node js-env code - function","    case 'node':","        break;","    }","","","","    // run shared js-env code - init-after","    (function () {","        return;","    }());","    switch (local.modeJs) {","","","","    // run browser js-env code - init-after","    case 'browser':","        local.testCase_browser_nullCase = local.testCase_browser_nullCase || function (","            options,","            onError","        ) {","        /*","         * this function will test browsers's null-case handling-behavior-behavior","         */","            onError(null, options);","        };","","        // run tests","        local.nop(local.modeTest &&","            document.querySelector('#testRunButton1') &&","            document.querySelector('#testRunButton1').click());","        break;","","","","    // run node js-env code - init-after","    /* istanbul ignore next */","    case 'node':","        local.testCase_buildApidoc_default = local.testCase_buildApidoc_default || function (","            options,","            onError","        ) {","        /*","         * this function will test buildApidoc's default handling-behavior-behavior","         */","            options = { modulePathList: module.paths };","            local.buildApidoc(options, onError);","        };","","        local.testCase_buildApp_default = local.testCase_buildApp_default || function (","            options,","            onError","        ) {","        /*","         * this function will test buildApp's default handling-behavior-behavior","         */","            local.testCase_buildReadme_default(options, local.onErrorThrow);","            local.testCase_buildLib_default(options, local.onErrorThrow);","            local.testCase_buildTest_default(options, local.onErrorThrow);","            local.testCase_buildCustomOrg_default(options, local.onErrorThrow);","            options = [];","            local.buildApp(options, onError);","        };","","        local.testCase_buildCustomOrg_default = local.testCase_buildCustomOrg_default ||","            function (options, onError) {","            /*","             * this function will test buildCustomOrg's default handling-behavior","             */","                options = {};","                local.buildCustomOrg(options, onError);","            };","","        local.testCase_buildLib_default = local.testCase_buildLib_default || function (","            options,","            onError","        ) {","        /*","         * this function will test buildLib's default handling-behavior","         */","            options = {};","            local.buildLib(options, onError);","        };","","        local.testCase_buildReadme_default = local.testCase_buildReadme_default || function (","            options,","            onError","        ) {","        /*","         * this function will test buildReadme's default handling-behavior-behavior","         */","            options = {};","            local.buildReadme(options, onError);","        };","","        local.testCase_buildTest_default = local.testCase_buildTest_default || function (","            options,","            onError","        ) {","        /*","         * this function will test buildTest's default handling-behavior","         */","            options = {};","            local.buildTest(options, onError);","        };","","        local.testCase_webpage_default = local.testCase_webpage_default || function (","            options,","            onError","        ) {","        /*","         * this function will test webpage's default handling-behavior","         */","            options = { modeCoverageMerge: true, url: local.serverLocalHost + '?modeTest=1' };","            local.browserTest(options, onError);","        };","","        // run test-server","        local.testRunServer(local);","        break;","    }","}());",""],"l":{"12":2,"14":2,"19":2,"21":2,"23":2,"24":2,"25":2,"30":1,"37":2,"40":2,"43":1,"47":1,"50":1,"52":1,"55":2,"61":2,"62":2,"64":2,"70":1,"76":1,"82":2,"83":2,"85":2,"91":1,"98":1,"102":1,"105":1,"112":1,"119":1,"120":1,"123":1,"130":1,"131":1,"132":1,"133":1,"134":1,"135":1,"138":1,"143":2,"144":2,"147":1,"154":2,"155":2,"158":1,"165":2,"166":2,"169":1,"176":2,"177":2,"180":1,"187":1,"188":1,"192":1,"193":1}},"/home/travis/build/npmtest/node-npmtest-redis-sessions/lib.npmtest_redis_sessions.js":{"path":"/home/travis/build/npmtest/node-npmtest-redis-sessions/lib.npmtest_redis_sessions.js","s":{"1":2,"2":2,"3":2,"4":2,"5":2,"6":2,"7":2,"8":1,"9":2,"10":2,"11":2,"12":2,"13":1,"14":1,"15":1,"16":1},"b":{"1":[2,1,1,1],"2":[1,1,1,1],"3":[1,1],"4":[2,2],"5":[1,1]},"f":{"1":2,"2":2,"3":2},"fnMap":{"1":{"name":"(anonymous_1)","line":12,"loc":{"start":{"line":12,"column":1},"end":{"line":12,"column":13}}},"2":{"name":"(anonymous_2)","line":19,"loc":{"start":{"line":19,"column":5},"end":{"line":19,"column":17}}},"3":{"name":"(anonymous_3)","line":23,"loc":{"start":{"line":23,"column":24},"end":{"line":23,"column":36}}}},"statementMap":{"1":{"start":{"line":12,"column":0},"end":{"line":53,"column":5}},"2":{"start":{"line":14,"column":4},"end":{"line":14,"column":14}},"3":{"start":{"line":19,"column":4},"end":{"line":52,"column":9}},"4":{"start":{"line":21,"column":8},"end":{"line":21,"column":19}},"5":{"start":{"line":23,"column":8},"end":{"line":35,"column":13}},"6":{"start":{"line":24,"column":12},"end":{"line":34,"column":13}},"7":{"start":{"line":25,"column":16},"end":{"line":28,"column":30}},"8":{"start":{"line":30,"column":16},"end":{"line":33,"column":27}},"9":{"start":{"line":37,"column":8},"end":{"line":39,"column":21}},"10":{"start":{"line":41,"column":8},"end":{"line":41,"column":54}},"11":{"start":{"line":43,"column":8},"end":{"line":43,"column":59}},"12":{"start":{"line":45,"column":8},"end":{"line":51,"column":9}},"13":{"start":{"line":46,"column":12},"end":{"line":46,"column":65}},"14":{"start":{"line":48,"column":12},"end":{"line":48,"column":35}},"15":{"start":{"line":49,"column":12},"end":{"line":49,"column":49}},"16":{"start":{"line":50,"column":12},"end":{"line":50,"column":43}}},"branchMap":{"1":{"line":25,"type":"binary-expr","locations":[{"start":{"line":25,"column":23},"end":{"line":25,"column":62}},{"start":{"line":26,"column":20},"end":{"line":26,"column":70}},{"start":{"line":27,"column":20},"end":{"line":27,"column":71}},{"start":{"line":28,"column":20},"end":{"line":28,"column":29}}]},"2":{"line":30,"type":"binary-expr","locations":[{"start":{"line":30,"column":23},"end":{"line":30,"column":37}},{"start":{"line":31,"column":20},"end":{"line":31,"column":61}},{"start":{"line":32,"column":20},"end":{"line":32,"column":70}},{"start":{"line":33,"column":20},"end":{"line":33,"column":26}}]},"3":{"line":37,"type":"cond-expr","locations":[{"start":{"line":38,"column":14},"end":{"line":38,"column":20}},{"start":{"line":39,"column":14},"end":{"line":39,"column":20}}]},"4":{"line":41,"type":"binary-expr","locations":[{"start":{"line":41,"column":16},"end":{"line":41,"column":44}},{"start":{"line":41,"column":48},"end":{"line":41,"column":53}}]},"5":{"line":45,"type":"if","locations":[{"start":{"line":45,"column":8},"end":{"line":45,"column":8}},{"start":{"line":45,"column":8},"end":{"line":45,"column":8}}]}},"code":["/* istanbul instrument in package npmtest_redis_sessions */","/*jslint","    bitwise: true,","    browser: true,","    maxerr: 8,","    maxlen: 96,","    node: true,","    nomen: true,","    regexp: true,","    stupid: true","*/","(function () {","    'use strict';","    var local;","","","","    // run shared js-env code - init-before","    (function () {","        // init local","        local = {};","        // init modeJs","        local.modeJs = (function () {","            try {","                return typeof navigator.userAgent === 'string' &&","                    typeof document.querySelector('body') === 'object' &&","                    typeof XMLHttpRequest.prototype.open === 'function' &&","                    'browser';","            } catch (errorCaughtBrowser) {","                return module.exports &&","                    typeof process.versions.node === 'string' &&","                    typeof require('http').createServer === 'function' &&","                    'node';","            }","        }());","        // init global","        local.global = local.modeJs === 'browser'","            ? window","            : global;","        // init utility2_rollup","        local = local.global.utility2_rollup || local;","        // init lib","        local.local = local.npmtest_redis_sessions = local;","        // init exports","        if (local.modeJs === 'browser') {","            local.global.utility2_npmtest_redis_sessions = local;","        } else {","            module.exports = local;","            module.exports.__dirname = __dirname;","            module.exports.module = module;","        }","    }());","}());",""],"l":{"12":2,"14":2,"19":2,"21":2,"23":2,"24":2,"25":2,"30":1,"37":2,"41":2,"43":2,"45":2,"46":1,"48":1,"49":1,"50":1}},"/home/travis/build/npmtest/node-npmtest-redis-sessions/example.js":{"path":"/home/travis/build/npmtest/node-npmtest-redis-sessions/example.js","s":{"1":2,"2":2,"3":2,"4":2,"5":2,"6":2,"7":2,"8":1,"9":2,"10":2,"11":2,"12":2,"13":1,"14":2,"15":2,"16":2,"17":2,"18":2,"19":0,"20":2,"21":1,"22":1,"23":1,"24":1,"25":1,"26":0,"27":0,"28":1,"29":1,"30":2,"31":0,"32":0,"33":0,"34":1,"35":2,"36":2,"37":3,"38":3,"39":3,"40":3,"41":0,"42":3,"43":3,"44":3,"45":1,"46":3,"47":1,"48":1,"49":1,"50":1,"51":1,"52":1,"53":1,"54":1,"55":1,"56":1,"57":0,"58":1,"59":6,"60":6,"61":1,"62":2,"63":0,"64":2,"65":1,"66":1,"67":0,"68":0,"69":0,"70":0,"71":0,"72":0,"73":0,"74":0,"75":0,"76":0,"77":0,"78":0,"79":0,"80":0,"81":0,"82":0,"83":0},"b":{"1":[2,1,1,1],"2":[1,1,1,1],"3":[1,1],"4":[2,2],"5":[1,1],"6":[1,1],"7":[2,0],"8":[2,1,1,1,1,1],"9":[0,2,0],"10":[1,1],"11":[2,1,1],"12":[1,0],"13":[0,2],"14":[2,0,0,0,0,0,0],"15":[0,3],"16":[3,0],"17":[1,1],"18":[0,1],"19":[1,2,0,2],"20":[1,0],"21":[1,1],"22":[0,0],"23":[0,0],"24":[0,0],"25":[0,0],"26":[0,0],"27":[0,0],"28":[0,0]},"f":{"1":2,"2":2,"3":2,"4":2,"5":2,"6":2,"7":3,"8":3,"9":3,"10":1,"11":6,"12":0},"fnMap":{"1":{"name":"(anonymous_1)","line":26,"loc":{"start":{"line":26,"column":1},"end":{"line":26,"column":13}}},"2":{"name":"(anonymous_2)","line":33,"loc":{"start":{"line":33,"column":5},"end":{"line":33,"column":17}}},"3":{"name":"(anonymous_3)","line":37,"loc":{"start":{"line":37,"column":24},"end":{"line":37,"column":36}}},"4":{"name":"(anonymous_4)","line":69,"loc":{"start":{"line":69,"column":31},"end":{"line":69,"column":48}},"skip":true},"5":{"name":"(anonymous_5)","line":78,"loc":{"start":{"line":78,"column":26},"end":{"line":78,"column":45}},"skip":true},"6":{"name":"(anonymous_6)","line":123,"loc":{"start":{"line":123,"column":33},"end":{"line":123,"column":48}},"skip":true},"7":{"name":"(anonymous_7)","line":125,"loc":{"start":{"line":125,"column":27},"end":{"line":125,"column":39}},"skip":true},"8":{"name":"(anonymous_8)","line":133,"loc":{"start":{"line":133,"column":59},"end":{"line":133,"column":74}},"skip":true},"9":{"name":"(anonymous_9)","line":143,"loc":{"start":{"line":143,"column":45},"end":{"line":143,"column":62}},"skip":true},"10":{"name":"(anonymous_10)","line":144,"loc":{"start":{"line":144,"column":73},"end":{"line":144,"column":92}},"skip":true},"11":{"name":"(anonymous_11)","line":272,"loc":{"start":{"line":272,"column":51},"end":{"line":272,"column":77}},"skip":true},"12":{"name":"(anonymous_12)","line":315,"loc":{"start":{"line":315,"column":32},"end":{"line":315,"column":61}},"skip":true}},"statementMap":{"1":{"start":{"line":26,"column":0},"end":{"line":326,"column":5}},"2":{"start":{"line":28,"column":4},"end":{"line":28,"column":14}},"3":{"start":{"line":33,"column":4},"end":{"line":60,"column":9}},"4":{"start":{"line":35,"column":8},"end":{"line":35,"column":19}},"5":{"start":{"line":37,"column":8},"end":{"line":49,"column":13}},"6":{"start":{"line":38,"column":12},"end":{"line":48,"column":13}},"7":{"start":{"line":39,"column":16},"end":{"line":42,"column":30}},"8":{"start":{"line":44,"column":16},"end":{"line":47,"column":27}},"9":{"start":{"line":51,"column":8},"end":{"line":53,"column":21}},"10":{"start":{"line":55,"column":8},"end":{"line":57,"column":45}},"11":{"start":{"line":59,"column":8},"end":{"line":59,"column":35}},"12":{"start":{"line":61,"column":4},"end":{"line":325,"column":5}},"13":{"start":{"line":69,"column":8},"end":{"line":121,"column":10},"skip":true},"14":{"start":{"line":70,"column":12},"end":{"line":88,"column":13},"skip":true},"15":{"start":{"line":76,"column":16},"end":{"line":87,"column":19},"skip":true},"16":{"start":{"line":79,"column":20},"end":{"line":86,"column":21},"skip":true},"17":{"start":{"line":82,"column":24},"end":{"line":82,"column":43},"skip":true},"18":{"start":{"line":83,"column":24},"end":{"line":83,"column":30},"skip":true},"19":{"start":{"line":85,"column":24},"end":{"line":85,"column":49},"skip":true},"20":{"start":{"line":89,"column":12},"end":{"line":107,"column":13},"skip":true},"21":{"start":{"line":92,"column":16},"end":{"line":102,"column":17},"skip":true},"22":{"start":{"line":93,"column":20},"end":{"line":93,"column":86},"skip":true},"23":{"start":{"line":94,"column":20},"end":{"line":95,"column":45},"skip":true},"24":{"start":{"line":96,"column":20},"end":{"line":96,"column":42},"skip":true},"25":{"start":{"line":97,"column":20},"end":{"line":97,"column":48},"skip":true},"26":{"start":{"line":100,"column":20},"end":{"line":100,"column":85},"skip":true},"27":{"start":{"line":101,"column":20},"end":{"line":101,"column":96},"skip":true},"28":{"start":{"line":103,"column":16},"end":{"line":103,"column":22},"skip":true},"29":{"start":{"line":106,"column":16},"end":{"line":106,"column":22},"skip":true},"30":{"start":{"line":108,"column":12},"end":{"line":120,"column":13},"skip":true},"31":{"start":{"line":114,"column":16},"end":{"line":119,"column":17},"skip":true},"32":{"start":{"line":116,"column":20},"end":{"line":116,"column":78},"skip":true},"33":{"start":{"line":118,"column":20},"end":{"line":118,"column":47},"skip":true},"34":{"start":{"line":123,"column":8},"end":{"line":141,"column":11},"skip":true},"35":{"start":{"line":124,"column":12},"end":{"line":124,"column":54},"skip":true},"36":{"start":{"line":125,"column":12},"end":{"line":140,"column":14},"skip":true},"37":{"start":{"line":126,"column":16},"end":{"line":126,"column":28},"skip":true},"38":{"start":{"line":127,"column":16},"end":{"line":127,"column":69},"skip":true},"39":{"start":{"line":128,"column":16},"end":{"line":128,"column":75},"skip":true},"40":{"start":{"line":129,"column":16},"end":{"line":131,"column":17},"skip":true},"41":{"start":{"line":130,"column":20},"end":{"line":130,"column":27},"skip":true},"42":{"start":{"line":133,"column":16},"end":{"line":137,"column":36},"skip":true},"43":{"start":{"line":134,"column":20},"end":{"line":136,"column":55},"skip":true},"44":{"start":{"line":139,"column":16},"end":{"line":139,"column":57},"skip":true},"45":{"start":{"line":143,"column":8},"end":{"line":147,"column":11},"skip":true},"46":{"start":{"line":144,"column":12},"end":{"line":146,"column":15},"skip":true},"47":{"start":{"line":145,"column":16},"end":{"line":145,"column":70},"skip":true},"48":{"start":{"line":149,"column":8},"end":{"line":149,"column":31},"skip":true},"49":{"start":{"line":150,"column":8},"end":{"line":150,"column":14},"skip":true},"50":{"start":{"line":158,"column":8},"end":{"line":158,"column":31},"skip":true},"51":{"start":{"line":160,"column":8},"end":{"line":160,"column":33},"skip":true},"52":{"start":{"line":161,"column":8},"end":{"line":161,"column":37},"skip":true},"53":{"start":{"line":162,"column":8},"end":{"line":162,"column":35},"skip":true},"54":{"start":{"line":164,"column":8},"end":{"line":164,"column":50},"skip":true},"55":{"start":{"line":166,"column":8},"end":{"line":256,"column":2},"skip":true},"56":{"start":{"line":258,"column":8},"end":{"line":286,"column":9},"skip":true},"57":{"start":{"line":259,"column":12},"end":{"line":269,"column":14},"skip":true},"58":{"start":{"line":271,"column":12},"end":{"line":285,"column":19},"skip":true},"59":{"start":{"line":274,"column":20},"end":{"line":274,"column":35},"skip":true},"60":{"start":{"line":275,"column":20},"end":{"line":284,"column":21},"skip":true},"61":{"start":{"line":277,"column":24},"end":{"line":277,"column":64},"skip":true},"62":{"start":{"line":279,"column":24},"end":{"line":279,"column":40},"skip":true},"63":{"start":{"line":281,"column":24},"end":{"line":281,"column":40},"skip":true},"64":{"start":{"line":283,"column":24},"end":{"line":283,"column":39},"skip":true},"65":{"start":{"line":288,"column":8},"end":{"line":290,"column":9},"skip":true},"66":{"start":{"line":289,"column":12},"end":{"line":289,"column":18},"skip":true},"67":{"start":{"line":291,"column":8},"end":{"line":293,"column":54},"skip":true},"68":{"start":{"line":296,"column":8},"end":{"line":301,"column":37},"skip":true},"69":{"start":{"line":303,"column":8},"end":{"line":303,"column":82},"skip":true},"70":{"start":{"line":306,"column":8},"end":{"line":308,"column":9},"skip":true},"71":{"start":{"line":307,"column":12},"end":{"line":307,"column":82},"skip":true},"72":{"start":{"line":310,"column":8},"end":{"line":312,"column":9},"skip":true},"73":{"start":{"line":311,"column":12},"end":{"line":311,"column":18},"skip":true},"74":{"start":{"line":313,"column":8},"end":{"line":313,"column":54},"skip":true},"75":{"start":{"line":314,"column":8},"end":{"line":314,"column":69},"skip":true},"76":{"start":{"line":315,"column":8},"end":{"line":323,"column":36},"skip":true},"77":{"start":{"line":316,"column":12},"end":{"line":316,"column":61},"skip":true},"78":{"start":{"line":317,"column":12},"end":{"line":320,"column":13},"skip":true},"79":{"start":{"line":318,"column":16},"end":{"line":318,"column":75},"skip":true},"80":{"start":{"line":319,"column":16},"end":{"line":319,"column":23},"skip":true},"81":{"start":{"line":321,"column":12},"end":{"line":321,"column":38},"skip":true},"82":{"start":{"line":322,"column":12},"end":{"line":322,"column":27},"skip":true},"83":{"start":{"line":324,"column":8},"end":{"line":324,"column":14},"skip":true}},"branchMap":{"1":{"line":39,"type":"binary-expr","locations":[{"start":{"line":39,"column":23},"end":{"line":39,"column":62}},{"start":{"line":40,"column":20},"end":{"line":40,"column":70}},{"start":{"line":41,"column":20},"end":{"line":41,"column":71}},{"start":{"line":42,"column":20},"end":{"line":42,"column":29}}]},"2":{"line":44,"type":"binary-expr","locations":[{"start":{"line":44,"column":23},"end":{"line":44,"column":37}},{"start":{"line":45,"column":20},"end":{"line":45,"column":61}},{"start":{"line":46,"column":20},"end":{"line":46,"column":70}},{"start":{"line":47,"column":20},"end":{"line":47,"column":26}}]},"3":{"line":51,"type":"cond-expr","locations":[{"start":{"line":52,"column":14},"end":{"line":52,"column":20}},{"start":{"line":53,"column":14},"end":{"line":53,"column":20}}]},"4":{"line":55,"type":"binary-expr","locations":[{"start":{"line":55,"column":16},"end":{"line":55,"column":44}},{"start":{"line":55,"column":49},"end":{"line":57,"column":43}}]},"5":{"line":55,"type":"cond-expr","locations":[{"start":{"line":56,"column":14},"end":{"line":56,"column":58}},{"start":{"line":57,"column":14},"end":{"line":57,"column":43}}]},"6":{"line":61,"type":"switch","locations":[{"start":{"line":68,"column":4},"end":{"line":150,"column":14},"skip":true},{"start":{"line":156,"column":4},"end":{"line":324,"column":14},"skip":true}]},"7":{"line":70,"type":"if","locations":[{"start":{"line":70,"column":12},"end":{"line":70,"column":12},"skip":true},{"start":{"line":70,"column":12},"end":{"line":70,"column":12},"skip":true}]},"8":{"line":70,"type":"binary-expr","locations":[{"start":{"line":70,"column":16},"end":{"line":70,"column":22},"skip":true},{"start":{"line":70,"column":27},"end":{"line":70,"column":32},"skip":true},{"start":{"line":71,"column":20},"end":{"line":71,"column":39},"skip":true},{"start":{"line":72,"column":20},"end":{"line":72,"column":49},"skip":true},{"start":{"line":73,"column":20},"end":{"line":73,"column":58},"skip":true},{"start":{"line":74,"column":20},"end":{"line":74,"column":69},"skip":true}]},"9":{"line":79,"type":"switch","locations":[{"start":{"line":80,"column":20},"end":{"line":80,"column":33},"skip":true},{"start":{"line":81,"column":20},"end":{"line":83,"column":30},"skip":true},{"start":{"line":84,"column":20},"end":{"line":85,"column":49},"skip":true}]},"10":{"line":89,"type":"switch","locations":[{"start":{"line":90,"column":12},"end":{"line":103,"column":22},"skip":true},{"start":{"line":105,"column":12},"end":{"line":106,"column":22},"skip":true}]},"11":{"line":89,"type":"binary-expr","locations":[{"start":{"line":89,"column":20},"end":{"line":89,"column":25},"skip":true},{"start":{"line":89,"column":29},"end":{"line":89,"column":48},"skip":true},{"start":{"line":89,"column":52},"end":{"line":89,"column":74},"skip":true}]},"12":{"line":92,"type":"if","locations":[{"start":{"line":92,"column":16},"end":{"line":92,"column":16},"skip":true},{"start":{"line":92,"column":16},"end":{"line":92,"column":16},"skip":true}]},"13":{"line":108,"type":"if","locations":[{"start":{"line":108,"column":12},"end":{"line":108,"column":12},"skip":true},{"start":{"line":108,"column":12},"end":{"line":108,"column":12},"skip":true}]},"14":{"line":108,"type":"binary-expr","locations":[{"start":{"line":108,"column":16},"end":{"line":108,"column":61},"skip":true},{"start":{"line":108,"column":66},"end":{"line":108,"column":72},"skip":true},{"start":{"line":108,"column":77},"end":{"line":108,"column":82},"skip":true},{"start":{"line":109,"column":20},"end":{"line":109,"column":39},"skip":true},{"start":{"line":110,"column":20},"end":{"line":110,"column":49},"skip":true},{"start":{"line":111,"column":20},"end":{"line":111,"column":58},"skip":true},{"start":{"line":112,"column":20},"end":{"line":112,"column":68},"skip":true}]},"15":{"line":129,"type":"if","locations":[{"start":{"line":129,"column":16},"end":{"line":129,"column":16},"skip":true},{"start":{"line":129,"column":16},"end":{"line":129,"column":16},"skip":true}]},"16":{"line":134,"type":"cond-expr","locations":[{"start":{"line":135,"column":26},"end":{"line":135,"column":29},"skip":true},{"start":{"line":136,"column":26},"end":{"line":136,"column":54},"skip":true}]},"17":{"line":164,"type":"binary-expr","locations":[{"start":{"line":164,"column":27},"end":{"line":164,"column":43},"skip":true},{"start":{"line":164,"column":47},"end":{"line":164,"column":49},"skip":true}]},"18":{"line":258,"type":"if","locations":[{"start":{"line":258,"column":8},"end":{"line":258,"column":8},"skip":true},{"start":{"line":258,"column":8},"end":{"line":258,"column":8},"skip":true}]},"19":{"line":275,"type":"switch","locations":[{"start":{"line":276,"column":20},"end":{"line":277,"column":64},"skip":true},{"start":{"line":278,"column":20},"end":{"line":279,"column":40},"skip":true},{"start":{"line":280,"column":20},"end":{"line":281,"column":40},"skip":true},{"start":{"line":282,"column":20},"end":{"line":283,"column":39},"skip":true}]},"20":{"line":288,"type":"if","locations":[{"start":{"line":288,"column":8},"end":{"line":288,"column":8},"skip":true},{"start":{"line":288,"column":8},"end":{"line":288,"column":8},"skip":true}]},"21":{"line":288,"type":"binary-expr","locations":[{"start":{"line":288,"column":12},"end":{"line":288,"column":40},"skip":true},{"start":{"line":288,"column":44},"end":{"line":288,"column":67},"skip":true}]},"22":{"line":292,"type":"binary-expr","locations":[{"start":{"line":292,"column":12},"end":{"line":292,"column":50},"skip":true},{"start":{"line":293,"column":12},"end":{"line":293,"column":53},"skip":true}]},"23":{"line":297,"type":"binary-expr","locations":[{"start":{"line":297,"column":12},"end":{"line":297,"column":72},"skip":true},{"start":{"line":298,"column":12},"end":{"line":301,"column":36},"skip":true}]},"24":{"line":303,"type":"binary-expr","locations":[{"start":{"line":303,"column":43},"end":{"line":303,"column":75},"skip":true},{"start":{"line":303,"column":79},"end":{"line":303,"column":81},"skip":true}]},"25":{"line":306,"type":"if","locations":[{"start":{"line":306,"column":8},"end":{"line":306,"column":8},"skip":true},{"start":{"line":306,"column":8},"end":{"line":306,"column":8},"skip":true}]},"26":{"line":310,"type":"if","locations":[{"start":{"line":310,"column":8},"end":{"line":310,"column":8},"skip":true},{"start":{"line":310,"column":8},"end":{"line":310,"column":8},"skip":true}]},"27":{"line":313,"type":"binary-expr","locations":[{"start":{"line":313,"column":27},"end":{"line":313,"column":43},"skip":true},{"start":{"line":313,"column":47},"end":{"line":313,"column":53},"skip":true}]},"28":{"line":317,"type":"if","locations":[{"start":{"line":317,"column":12},"end":{"line":317,"column":12},"skip":true},{"start":{"line":317,"column":12},"end":{"line":317,"column":12},"skip":true}]}},"code":["/*","example.js","","quickstart example","","instruction","    1. save this script as example.js","    2. run the shell command:","        $ npm install npmtest-redis-sessions && PORT=8081 node example.js","    3. play with the browser-demo on http://127.0.0.1:8081","*/","","","","/* istanbul instrument in package npmtest_redis_sessions */","/*jslint","    bitwise: true,","    browser: true,","    maxerr: 8,","    maxlen: 96,","    node: true,","    nomen: true,","    regexp: true,","    stupid: true","*/","(function () {","    'use strict';","    var local;","","","","    // run shared js-env code - init-before","    (function () {","        // init local","        local = {};","        // init modeJs","        local.modeJs = (function () {","            try {","                return typeof navigator.userAgent === 'string' &&","                    typeof document.querySelector('body') === 'object' &&","                    typeof XMLHttpRequest.prototype.open === 'function' &&","                    'browser';","            } catch (errorCaughtBrowser) {","                return module.exports &&","                    typeof process.versions.node === 'string' &&","                    typeof require('http').createServer === 'function' &&","                    'node';","            }","        }());","        // init global","        local.global = local.modeJs === 'browser'","            ? window","            : global;","        // init utility2_rollup","        local = local.global.utility2_rollup || (local.modeJs === 'browser'","            ? local.global.utility2_npmtest_redis_sessions","            : global.utility2_moduleExports);","        // export local","        local.global.local = local;","    }());","    switch (local.modeJs) {","","","","    // init-after","    // run browser js-env code - init-after","    /* istanbul ignore next */","    case 'browser':","        local.testRunBrowser = function (event) {","            if (!event || (event &&","                    event.currentTarget &&","                    event.currentTarget.className &&","                    event.currentTarget.className.includes &&","                    event.currentTarget.className.includes('onreset'))) {","                // reset output","                Array.from(","                    document.querySelectorAll('body > .resettable')","                ).forEach(function (element) {","                    switch (element.tagName) {","                    case 'INPUT':","                    case 'TEXTAREA':","                        element.value = '';","                        break;","                    default:","                        element.textContent = '';","                    }","                });","            }","            switch (event && event.currentTarget && event.currentTarget.id) {","            case 'testRunButton1':","                // show tests","                if (document.querySelector('#testReportDiv1').style.display === 'none') {","                    document.querySelector('#testReportDiv1').style.display = 'block';","                    document.querySelector('#testRunButton1').textContent =","                        'hide internal test';","                    local.modeTest = true;","                    local.testRunDefault(local);","                // hide tests","                } else {","                    document.querySelector('#testReportDiv1').style.display = 'none';","                    document.querySelector('#testRunButton1').textContent = 'run internal test';","                }","                break;","            // custom-case","            default:","                break;","            }","            if (document.querySelector('#inputTextareaEval1') && (!event || (event &&","                    event.currentTarget &&","                    event.currentTarget.className &&","                    event.currentTarget.className.includes &&","                    event.currentTarget.className.includes('oneval')))) {","                // try to eval input-code","                try {","                    /*jslint evil: true*/","                    eval(document.querySelector('#inputTextareaEval1').value);","                } catch (errorCaught) {","                    console.error(errorCaught);","                }","            }","        };","        // log stderr and stdout to #outputTextareaStdout1","        ['error', 'log'].forEach(function (key) {","            console[key + '_original'] = console[key];","            console[key] = function () {","                var element;","                console[key + '_original'].apply(console, arguments);","                element = document.querySelector('#outputTextareaStdout1');","                if (!element) {","                    return;","                }","                // append text to #outputTextareaStdout1","                element.value += Array.from(arguments).map(function (arg) {","                    return typeof arg === 'string'","                        ? arg","                        : JSON.stringify(arg, null, 4);","                }).join(' ') + '\\n';","                // scroll textarea to bottom","                element.scrollTop = element.scrollHeight;","            };","        });","        // init event-handling","        ['change', 'click', 'keyup'].forEach(function (event) {","            Array.from(document.querySelectorAll('.on' + event)).forEach(function (element) {","                element.addEventListener(event, local.testRunBrowser);","            });","        });","        // run tests","        local.testRunBrowser();","        break;","","","","    // run node js-env code - init-after","    /* istanbul ignore next */","    case 'node':","        // export local","        module.exports = local;","        // require modules","        local.fs = require('fs');","        local.http = require('http');","        local.url = require('url');","        // init assets","        local.assetsDict = local.assetsDict || {};","        /* jslint-ignore-begin */","        local.assetsDict['/assets.index.template.html'] = '\\","<!doctype html>\\n\\","<html lang=\"en\">\\n\\","<head>\\n\\","<meta charset=\"UTF-8\">\\n\\","<meta name=\"viewport\" content=\"width=device-width, initial-scale=1\">\\n\\","<title>{{env.npm_package_name}} (v{{env.npm_package_version}})</title>\\n\\","<style>\\n\\","/*csslint\\n\\","    box-sizing: false,\\n\\","    universal-selector: false\\n\\","*/\\n\\","* {\\n\\","    box-sizing: border-box;\\n\\","}\\n\\","body {\\n\\","    background: #dde;\\n\\","    font-family: Arial, Helvetica, sans-serif;\\n\\","    margin: 2rem;\\n\\","}\\n\\","body > * {\\n\\","    margin-bottom: 1rem;\\n\\","}\\n\\",".utility2FooterDiv {\\n\\","    margin-top: 20px;\\n\\","    text-align: center;\\n\\","}\\n\\","</style>\\n\\","<style>\\n\\","/*csslint\\n\\","*/\\n\\","textarea {\\n\\","    font-family: monospace;\\n\\","    height: 10rem;\\n\\","    width: 100%;\\n\\","}\\n\\","textarea[readonly] {\\n\\","    background: #ddd;\\n\\","}\\n\\","</style>\\n\\","</head>\\n\\","<body>\\n\\","<!-- utility2-comment\\n\\","<div id=\"ajaxProgressDiv1\" style=\"background: #d00; height: 2px; left: 0; margin: 0; padding: 0; position: fixed; top: 0; transition: background 0.5s, width 1.5s; width: 25%;\"></div>\\n\\","utility2-comment -->\\n\\","<h1>\\n\\","<!-- utility2-comment\\n\\","    <a\\n\\","        {{#if env.npm_package_homepage}}\\n\\","        href=\"{{env.npm_package_homepage}}\"\\n\\","        {{/if env.npm_package_homepage}}\\n\\","        target=\"_blank\"\\n\\","    >\\n\\","utility2-comment -->\\n\\","        {{env.npm_package_name}} (v{{env.npm_package_version}})\\n\\","<!-- utility2-comment\\n\\","    </a>\\n\\","utility2-comment -->\\n\\","</h1>\\n\\","<h3>{{env.npm_package_description}}</h3>\\n\\","<!-- utility2-comment\\n\\","<h4><a download href=\"assets.app.js\">download standalone app</a></h4>\\n\\","<button class=\"onclick onreset\" id=\"testRunButton1\">run internal test</button><br>\\n\\","<div id=\"testReportDiv1\" style=\"display: none;\"></div>\\n\\","utility2-comment -->\\n\\","\\n\\","\\n\\","\\n\\","<label>stderr and stdout</label>\\n\\","<textarea class=\"resettable\" id=\"outputTextareaStdout1\" readonly></textarea>\\n\\","<!-- utility2-comment\\n\\","{{#if isRollup}}\\n\\","<script src=\"assets.app.js\"></script>\\n\\","{{#unless isRollup}}\\n\\","utility2-comment -->\\n\\","<script src=\"assets.utility2.rollup.js\"></script>\\n\\","<script src=\"jsonp.utility2._stateInit?callback=window.utility2._stateInit\"></script>\\n\\","<script src=\"assets.npmtest_redis_sessions.rollup.js\"></script>\\n\\","<script src=\"assets.example.js\"></script>\\n\\","<script src=\"assets.test.js\"></script>\\n\\","<!-- utility2-comment\\n\\","{{/if isRollup}}\\n\\","utility2-comment -->\\n\\","<div class=\"utility2FooterDiv\">\\n\\","    [ this app was created with\\n\\","    <a href=\"https://github.com/kaizhu256/node-utility2\" target=\"_blank\">utility2</a>\\n\\","    ]\\n\\","</div>\\n\\","</body>\\n\\","</html>\\n\\","';","        /* jslint-ignore-end */","        if (local.templateRender) {","            local.assetsDict['/'] = local.templateRender(","                local.assetsDict['/assets.index.template.html'],","                {","                    env: local.objectSetDefault(local.env, {","                        npm_package_description: 'the greatest app in the world!',","                        npm_package_name: 'my-app',","                        npm_package_nameAlias: 'my_app',","                        npm_package_version: '0.0.1'","                    })","                }","            );","        } else {","            local.assetsDict['/'] = local.assetsDict['/assets.index.template.html']","                .replace((/\\{\\{env\\.(\\w+?)\\}\\}/g), function (match0, match1) {","                    // jslint-hack","                    String(match0);","                    switch (match1) {","                    case 'npm_package_description':","                        return 'the greatest app in the world!';","                    case 'npm_package_name':","                        return 'my-app';","                    case 'npm_package_nameAlias':","                        return 'my_app';","                    case 'npm_package_version':","                        return '0.0.1';","                    }","                });","        }","        // run the cli","        if (local.global.utility2_rollup || module !== require.main) {","            break;","        }","        local.assetsDict['/assets.example.js'] =","            local.assetsDict['/assets.example.js'] ||","            local.fs.readFileSync(__filename, 'utf8');","        // bug-workaround - long $npm_package_buildCustomOrg","        /* jslint-ignore-begin */","        local.assetsDict['/assets.npmtest_redis_sessions.rollup.js'] =","            local.assetsDict['/assets.npmtest_redis_sessions.rollup.js'] ||","            local.fs.readFileSync(","                local.npmtest_redis_sessions.__dirname + '/lib.npmtest_redis_sessions.js',","                'utf8'","            ).replace((/^#!/), '//');","        /* jslint-ignore-end */","        local.assetsDict['/favicon.ico'] = local.assetsDict['/favicon.ico'] || '';","        // if $npm_config_timeout_exit exists,","        // then exit this process after $npm_config_timeout_exit ms","        if (Number(process.env.npm_config_timeout_exit)) {","            setTimeout(process.exit, Number(process.env.npm_config_timeout_exit));","        }","        // start server","        if (local.global.utility2_serverHttp1) {","            break;","        }","        process.env.PORT = process.env.PORT || '8081';","        console.error('server starting on port ' + process.env.PORT);","        local.http.createServer(function (request, response) {","            request.urlParsed = local.url.parse(request.url);","            if (local.assetsDict[request.urlParsed.pathname] !== undefined) {","                response.end(local.assetsDict[request.urlParsed.pathname]);","                return;","            }","            response.statusCode = 404;","            response.end();","        }).listen(process.env.PORT);","        break;","    }","}());",""],"l":{"26":2,"28":2,"33":2,"35":2,"37":2,"38":2,"39":2,"44":1,"51":2,"55":2,"59":2,"61":2,"69":1,"70":2,"76":2,"79":2,"82":2,"83":2,"85":1,"89":2,"92":1,"93":1,"94":1,"96":1,"97":1,"100":1,"101":1,"103":1,"106":1,"108":2,"114":1,"116":1,"118":1,"123":1,"124":2,"125":2,"126":3,"127":3,"128":3,"129":3,"130":1,"133":3,"134":3,"139":3,"143":1,"144":3,"145":1,"149":1,"150":1,"158":1,"160":1,"161":1,"162":1,"164":1,"166":1,"258":1,"259":1,"271":1,"274":6,"275":6,"277":1,"279":2,"281":1,"283":2,"288":1,"289":1,"291":1,"296":1,"303":1,"306":1,"307":1,"310":1,"311":1,"313":1,"314":1,"315":1,"316":1,"317":1,"318":1,"319":1,"321":1,"322":1,"324":1}},"/home/travis/build/npmtest/node-npmtest-redis-sessions/node_modules/redis-sessions/index.js":{"path":"/home/travis/build/npmtest/node-npmtest-redis-sessions/node_modules/redis-sessions/index.js","s":{"1":1,"2":0,"3":0,"4":1,"5":5,"6":5,"7":1,"8":1,"9":1,"10":1,"11":1,"12":1,"13":1,"14":1,"15":1,"16":1,"17":1,"18":1,"19":0,"20":0,"21":0,"22":0,"23":0,"24":0,"25":0,"26":0,"27":0,"28":0,"29":0,"30":0,"31":0,"32":0,"33":0,"34":0,"35":0,"36":0,"37":0,"38":0,"39":0,"40":0,"41":0,"42":0,"43":0,"44":0,"45":0,"46":0,"47":0,"48":0,"49":0,"50":0,"51":0,"52":0,"53":0,"54":0,"55":0,"56":0,"57":0,"58":0,"59":0,"60":0,"61":0,"62":0,"63":1,"64":0,"65":0,"66":0,"67":0,"68":0,"69":0,"70":0,"71":1,"72":0,"73":0,"74":0,"75":0,"76":0,"77":0,"78":0,"79":0,"80":0,"81":0,"82":0,"83":0,"84":0,"85":0,"86":0,"87":0,"88":0,"89":0,"90":0,"91":0,"92":0,"93":0,"94":0,"95":0,"96":0,"97":0,"98":1,"99":0,"100":0,"101":0,"102":0,"103":0,"104":0,"105":0,"106":0,"107":0,"108":0,"109":0,"110":0,"111":0,"112":0,"113":0,"114":0,"115":0,"116":0,"117":0,"118":0,"119":0,"120":0,"121":0,"122":0,"123":0,"124":0,"125":0,"126":0,"127":1,"128":0,"129":0,"130":0,"131":0,"132":0,"133":0,"134":0,"135":0,"136":0,"137":0,"138":0,"139":0,"140":0,"141":0,"142":1,"143":0,"144":0,"145":0,"146":0,"147":0,"148":0,"149":0,"150":0,"151":0,"152":0,"153":0,"154":0,"155":0,"156":0,"157":1,"158":0,"159":0,"160":0,"161":0,"162":0,"163":0,"164":0,"165":0,"166":0,"167":0,"168":0,"169":0,"170":0,"171":0,"172":0,"173":0,"174":0,"175":0,"176":0,"177":0,"178":0,"179":0,"180":0,"181":0,"182":0,"183":0,"184":0,"185":0,"186":0,"187":0,"188":0,"189":0,"190":0,"191":0,"192":0,"193":0,"194":0,"195":0,"196":1,"197":0,"198":0,"199":0,"200":0,"201":0,"202":0,"203":0,"204":0,"205":0,"206":0,"207":0,"208":0,"209":0,"210":0,"211":0,"212":0,"213":0,"214":0,"215":0,"216":0,"217":0,"218":0,"219":0,"220":0,"221":0,"222":0,"223":0,"224":0,"225":0,"226":0,"227":0,"228":0,"229":0,"230":0,"231":1,"232":0,"233":1,"234":0,"235":1,"236":0,"237":0,"238":0,"239":0,"240":0,"241":0,"242":0,"243":0,"244":0,"245":0,"246":0,"247":0,"248":0,"249":0,"250":0,"251":0,"252":0,"253":0,"254":0,"255":0,"256":0,"257":0,"258":0,"259":0,"260":0,"261":0,"262":0,"263":0,"264":0,"265":0,"266":0,"267":0,"268":0,"269":0,"270":0,"271":1,"272":0,"273":0,"274":0,"275":0,"276":0,"277":0,"278":0,"279":0,"280":0,"281":0,"282":0,"283":0,"284":0,"285":0,"286":0,"287":0,"288":1,"289":0,"290":0,"291":0,"292":0,"293":0,"294":0,"295":0,"296":0,"297":0,"298":1,"299":0,"300":0,"301":0,"302":1,"303":0,"304":0,"305":0,"306":0,"307":0,"308":0,"309":1,"310":0,"311":0,"312":0,"313":0,"314":0,"315":0,"316":0,"317":0,"318":0,"319":1,"320":0,"321":0,"322":0,"323":0,"324":0,"325":0,"326":1,"327":0,"328":1,"329":0,"330":0,"331":0,"332":0,"333":0,"334":0,"335":0,"336":0,"337":0,"338":0,"339":1,"340":0,"341":0,"342":0,"343":0,"344":0,"345":0,"346":0,"347":0,"348":0,"349":0,"350":0,"351":0,"352":0,"353":0,"354":0,"355":0,"356":0,"357":0,"358":0,"359":0,"360":0,"361":0,"362":0,"363":0,"364":1,"365":1,"366":0,"367":0,"368":0,"369":0,"370":0,"371":0,"372":0,"373":0,"374":0,"375":0,"376":0,"377":0,"378":0,"379":0,"380":0,"381":0,"382":0,"383":0,"384":0,"385":0,"386":0,"387":0,"388":0,"389":0,"390":0,"391":0,"392":0,"393":0,"394":0,"395":0,"396":0,"397":0,"398":0,"399":0,"400":0,"401":0,"402":0,"403":1,"404":0,"405":0,"406":0,"407":0,"408":0,"409":0,"410":0,"411":0,"412":0,"413":0,"414":1,"415":1,"416":1},"b":{"1":[5,0],"2":[0,0],"3":[0,0],"4":[0,0],"5":[0,0],"6":[0,0],"7":[0,0],"8":[0,0],"9":[0,0],"10":[0,0],"11":[0,0],"12":[0,0],"13":[0,0],"14":[0,0],"15":[0,0],"16":[0,0],"17":[0,0],"18":[0,0],"19":[0,0],"20":[0,0],"21":[0,0],"22":[0,0],"23":[0,0],"24":[0,0],"25":[0,0],"26":[0,0],"27":[0,0],"28":[0,0],"29":[0,0],"30":[0,0],"31":[0,0],"32":[0,0],"33":[0,0],"34":[0,0],"35":[0,0],"36":[0,0],"37":[0,0],"38":[0,0],"39":[0,0],"40":[0,0],"41":[0,0],"42":[0,0],"43":[0,0],"44":[0,0],"45":[0,0],"46":[0,0],"47":[0,0],"48":[0,0],"49":[0,0],"50":[0,0],"51":[0,0],"52":[0,0],"53":[0,0],"54":[0,0],"55":[0,0],"56":[0,0],"57":[0,0],"58":[0,0],"59":[0,0],"60":[0,0],"61":[0,0],"62":[0,0],"63":[0,0],"64":[0,0],"65":[0,0],"66":[0,0],"67":[0,0],"68":[0,0],"69":[0,0],"70":[0,0,0,0,0,0,0],"71":[0,0],"72":[0,0],"73":[0,0],"74":[0,0],"75":[0,0,0],"76":[0,0],"77":[0,0,0],"78":[0,0],"79":[0,0],"80":[0,0],"81":[0,0],"82":[0,0],"83":[0,0,0,0],"84":[0,0],"85":[0,0]},"f":{"1":0,"2":0,"3":1,"4":1,"5":1,"6":0,"7":0,"8":0,"9":0,"10":0,"11":0,"12":0,"13":0,"14":0,"15":0,"16":0,"17":0,"18":0,"19":0,"20":0,"21":0,"22":0,"23":0,"24":0,"25":0,"26":0,"27":0,"28":0,"29":0,"30":0,"31":0,"32":0,"33":0,"34":0,"35":0,"36":0,"37":0,"38":0,"39":0,"40":0,"41":0,"42":0,"43":0,"44":0,"45":0,"46":0,"47":0,"48":0,"49":0,"50":0,"51":0,"52":0,"53":0,"54":0,"55":0,"56":0,"57":0,"58":0,"59":0,"60":0,"61":0,"62":0,"63":0},"fnMap":{"1":{"name":"(anonymous_1)","line":17,"loc":{"start":{"line":17,"column":9},"end":{"line":17,"column":25}}},"2":{"name":"(anonymous_2)","line":17,"loc":{"start":{"line":17,"column":34},"end":{"line":17,"column":44}}},"3":{"name":"(anonymous_3)","line":18,"loc":{"start":{"line":18,"column":11},"end":{"line":18,"column":35}}},"4":{"name":"ctor","line":18,"loc":{"start":{"line":18,"column":122},"end":{"line":18,"column":138}}},"5":{"name":"(anonymous_5)","line":27,"loc":{"start":{"line":27,"column":17},"end":{"line":27,"column":38}}},"6":{"name":"RedisSessions","line":30,"loc":{"start":{"line":30,"column":2},"end":{"line":30,"column":28}}},"7":{"name":"(anonymous_7)","line":62,"loc":{"start":{"line":62,"column":30},"end":{"line":62,"column":46}}},"8":{"name":"(anonymous_8)","line":63,"loc":{"start":{"line":63,"column":13},"end":{"line":63,"column":24}}},"9":{"name":"(anonymous_9)","line":68,"loc":{"start":{"line":68,"column":28},"end":{"line":68,"column":44}}},"10":{"name":"(anonymous_10)","line":69,"loc":{"start":{"line":69,"column":13},"end":{"line":69,"column":27}}},"11":{"name":"(anonymous_11)","line":88,"loc":{"start":{"line":88,"column":37},"end":{"line":88,"column":59}}},"12":{"name":"(anonymous_12)","line":92,"loc":{"start":{"line":92,"column":101},"end":{"line":92,"column":121}}},"13":{"name":"(anonymous_13)","line":103,"loc":{"start":{"line":103,"column":35},"end":{"line":103,"column":57}}},"14":{"name":"(anonymous_14)","line":129,"loc":{"start":{"line":129,"column":30},"end":{"line":129,"column":50}}},"15":{"name":"(anonymous_15)","line":144,"loc":{"start":{"line":144,"column":32},"end":{"line":144,"column":54}}},"16":{"name":"(anonymous_16)","line":152,"loc":{"start":{"line":152,"column":70},"end":{"line":152,"column":86}}},"17":{"name":"(anonymous_17)","line":153,"loc":{"start":{"line":153,"column":13},"end":{"line":153,"column":33}}},"18":{"name":"(anonymous_18)","line":173,"loc":{"start":{"line":173,"column":35},"end":{"line":173,"column":55}}},"19":{"name":"(anonymous_19)","line":184,"loc":{"start":{"line":184,"column":33},"end":{"line":184,"column":55}}},"20":{"name":"(anonymous_20)","line":190,"loc":{"start":{"line":190,"column":23},"end":{"line":190,"column":39}}},"21":{"name":"(anonymous_21)","line":191,"loc":{"start":{"line":191,"column":13},"end":{"line":191,"column":33}}},"22":{"name":"(anonymous_22)","line":208,"loc":{"start":{"line":208,"column":34},"end":{"line":208,"column":56}}},"23":{"name":"(anonymous_23)","line":211,"loc":{"start":{"line":211,"column":31},"end":{"line":211,"column":47}}},"24":{"name":"(anonymous_24)","line":212,"loc":{"start":{"line":212,"column":13},"end":{"line":212,"column":33}}},"25":{"name":"(anonymous_25)","line":218,"loc":{"start":{"line":218,"column":85},"end":{"line":218,"column":96}}},"26":{"name":"(anonymous_26)","line":236,"loc":{"start":{"line":236,"column":36},"end":{"line":236,"column":58}}},"27":{"name":"(anonymous_27)","line":244,"loc":{"start":{"line":244,"column":45},"end":{"line":244,"column":61}}},"28":{"name":"(anonymous_28)","line":245,"loc":{"start":{"line":245,"column":13},"end":{"line":245,"column":33}}},"29":{"name":"(anonymous_29)","line":268,"loc":{"start":{"line":268,"column":18},"end":{"line":268,"column":29}}},"30":{"name":"(anonymous_30)","line":278,"loc":{"start":{"line":278,"column":35},"end":{"line":278,"column":55}}},"31":{"name":"(anonymous_31)","line":291,"loc":{"start":{"line":291,"column":37},"end":{"line":291,"column":59}}},"32":{"name":"(anonymous_32)","line":296,"loc":{"start":{"line":296,"column":80},"end":{"line":296,"column":96}}},"33":{"name":"(anonymous_33)","line":297,"loc":{"start":{"line":297,"column":13},"end":{"line":297,"column":33}}},"34":{"name":"(anonymous_34)","line":318,"loc":{"start":{"line":318,"column":35},"end":{"line":318,"column":55}}},"35":{"name":"(anonymous_35)","line":331,"loc":{"start":{"line":331,"column":87},"end":{"line":331,"column":98}}},"36":{"name":"(anonymous_36)","line":346,"loc":{"start":{"line":346,"column":33},"end":{"line":346,"column":46}}},"37":{"name":"(anonymous_37)","line":350,"loc":{"start":{"line":350,"column":33},"end":{"line":350,"column":44}}},"38":{"name":"(anonymous_38)","line":354,"loc":{"start":{"line":354,"column":32},"end":{"line":354,"column":54}}},"39":{"name":"(anonymous_39)","line":360,"loc":{"start":{"line":360,"column":23},"end":{"line":360,"column":39}}},"40":{"name":"(anonymous_40)","line":361,"loc":{"start":{"line":361,"column":13},"end":{"line":361,"column":33}}},"41":{"name":"(anonymous_41)","line":394,"loc":{"start":{"line":394,"column":35},"end":{"line":394,"column":56}}},"42":{"name":"(anonymous_42)","line":406,"loc":{"start":{"line":406,"column":34},"end":{"line":406,"column":56}}},"43":{"name":"(anonymous_43)","line":410,"loc":{"start":{"line":410,"column":115},"end":{"line":410,"column":131}}},"44":{"name":"(anonymous_44)","line":411,"loc":{"start":{"line":411,"column":13},"end":{"line":411,"column":33}}},"45":{"name":"(anonymous_45)","line":417,"loc":{"start":{"line":417,"column":16},"end":{"line":417,"column":27}}},"46":{"name":"(anonymous_46)","line":431,"loc":{"start":{"line":431,"column":33},"end":{"line":431,"column":55}}},"47":{"name":"(anonymous_47)","line":436,"loc":{"start":{"line":436,"column":80},"end":{"line":436,"column":96}}},"48":{"name":"(anonymous_48)","line":437,"loc":{"start":{"line":437,"column":13},"end":{"line":437,"column":33}}},"49":{"name":"(anonymous_49)","line":447,"loc":{"start":{"line":447,"column":50},"end":{"line":447,"column":80}}},"50":{"name":"(anonymous_50)","line":453,"loc":{"start":{"line":453,"column":41},"end":{"line":453,"column":52}}},"51":{"name":"(anonymous_51)","line":463,"loc":{"start":{"line":463,"column":41},"end":{"line":463,"column":65}}},"52":{"name":"(anonymous_52)","line":478,"loc":{"start":{"line":478,"column":40},"end":{"line":478,"column":51}}},"53":{"name":"(anonymous_53)","line":488,"loc":{"start":{"line":488,"column":33},"end":{"line":488,"column":44}}},"54":{"name":"(anonymous_54)","line":492,"loc":{"start":{"line":492,"column":44},"end":{"line":492,"column":62}}},"55":{"name":"(anonymous_55)","line":515,"loc":{"start":{"line":515,"column":44},"end":{"line":515,"column":76}}},"56":{"name":"(anonymous_56)","line":523,"loc":{"start":{"line":523,"column":10},"end":{"line":523,"column":21}}},"57":{"name":"(anonymous_57)","line":532,"loc":{"start":{"line":532,"column":31},"end":{"line":532,"column":47}}},"58":{"name":"(anonymous_58)","line":533,"loc":{"start":{"line":533,"column":13},"end":{"line":533,"column":33}}},"59":{"name":"(anonymous_59)","line":561,"loc":{"start":{"line":561,"column":38},"end":{"line":561,"column":61}}},"60":{"name":"(anonymous_60)","line":635,"loc":{"start":{"line":635,"column":34},"end":{"line":635,"column":45}}},"61":{"name":"(anonymous_61)","line":638,"loc":{"start":{"line":638,"column":77},"end":{"line":638,"column":97}}},"62":{"name":"(anonymous_62)","line":640,"loc":{"start":{"line":640,"column":21},"end":{"line":640,"column":33}}},"63":{"name":"(anonymous_63)","line":648,"loc":{"start":{"line":648,"column":30},"end":{"line":648,"column":41}}}},"statementMap":{"1":{"start":{"line":16,"column":0},"end":{"line":19,"column":30}},"2":{"start":{"line":17,"column":27},"end":{"line":17,"column":80}},"3":{"start":{"line":17,"column":46},"end":{"line":17,"column":77}},"4":{"start":{"line":18,"column":37},"end":{"line":18,"column":121}},"5":{"start":{"line":18,"column":63},"end":{"line":18,"column":119}},"6":{"start":{"line":18,"column":94},"end":{"line":18,"column":119}},"7":{"start":{"line":18,"column":122},"end":{"line":18,"column":167}},"8":{"start":{"line":18,"column":140},"end":{"line":18,"column":165}},"9":{"start":{"line":18,"column":168},"end":{"line":18,"column":202}},"10":{"start":{"line":18,"column":203},"end":{"line":18,"column":232}},"11":{"start":{"line":18,"column":233},"end":{"line":18,"column":268}},"12":{"start":{"line":18,"column":269},"end":{"line":18,"column":282}},"13":{"start":{"line":21,"column":0},"end":{"line":21,"column":22}},"14":{"start":{"line":23,"column":0},"end":{"line":23,"column":29}},"15":{"start":{"line":25,"column":0},"end":{"line":25,"column":46}},"16":{"start":{"line":27,"column":0},"end":{"line":663,"column":17}},"17":{"start":{"line":28,"column":2},"end":{"line":28,"column":36}},"18":{"start":{"line":30,"column":2},"end":{"line":86,"column":3}},"19":{"start":{"line":31,"column":4},"end":{"line":31,"column":24}},"20":{"start":{"line":32,"column":4},"end":{"line":34,"column":5}},"21":{"start":{"line":33,"column":6},"end":{"line":33,"column":13}},"22":{"start":{"line":35,"column":4},"end":{"line":35,"column":40}},"23":{"start":{"line":36,"column":4},"end":{"line":36,"column":60}},"24":{"start":{"line":37,"column":4},"end":{"line":37,"column":52}},"25":{"start":{"line":38,"column":4},"end":{"line":38,"column":54}},"26":{"start":{"line":39,"column":4},"end":{"line":39,"column":38}},"27":{"start":{"line":40,"column":4},"end":{"line":40,"column":40}},"28":{"start":{"line":41,"column":4},"end":{"line":41,"column":36}},"29":{"start":{"line":42,"column":4},"end":{"line":42,"column":38}},"30":{"start":{"line":43,"column":4},"end":{"line":43,"column":38}},"31":{"start":{"line":44,"column":4},"end":{"line":44,"column":46}},"32":{"start":{"line":45,"column":4},"end":{"line":45,"column":44}},"33":{"start":{"line":46,"column":4},"end":{"line":46,"column":40}},"34":{"start":{"line":47,"column":4},"end":{"line":47,"column":38}},"35":{"start":{"line":48,"column":4},"end":{"line":48,"column":36}},"36":{"start":{"line":49,"column":4},"end":{"line":49,"column":42}},"37":{"start":{"line":50,"column":4},"end":{"line":50,"column":46}},"38":{"start":{"line":51,"column":4},"end":{"line":51,"column":23}},"39":{"start":{"line":52,"column":4},"end":{"line":52,"column":39}},"40":{"start":{"line":53,"column":4},"end":{"line":53,"column":38}},"41":{"start":{"line":54,"column":4},"end":{"line":60,"column":5}},"42":{"start":{"line":55,"column":6},"end":{"line":55,"column":28}},"43":{"start":{"line":56,"column":11},"end":{"line":60,"column":5}},"44":{"start":{"line":57,"column":6},"end":{"line":57,"column":53}},"45":{"start":{"line":59,"column":6},"end":{"line":59,"column":98}},"46":{"start":{"line":61,"column":4},"end":{"line":61,"column":51}},"47":{"start":{"line":62,"column":4},"end":{"line":67,"column":14}},"48":{"start":{"line":63,"column":6},"end":{"line":66,"column":8}},"49":{"start":{"line":64,"column":8},"end":{"line":64,"column":31}},"50":{"start":{"line":65,"column":8},"end":{"line":65,"column":30}},"51":{"start":{"line":68,"column":4},"end":{"line":78,"column":14}},"52":{"start":{"line":69,"column":6},"end":{"line":77,"column":8}},"53":{"start":{"line":70,"column":8},"end":{"line":76,"column":9}},"54":{"start":{"line":71,"column":10},"end":{"line":71,"column":34}},"55":{"start":{"line":72,"column":10},"end":{"line":72,"column":35}},"56":{"start":{"line":74,"column":10},"end":{"line":74,"column":44}},"57":{"start":{"line":75,"column":10},"end":{"line":75,"column":30}},"58":{"start":{"line":79,"column":4},"end":{"line":85,"column":5}},"59":{"start":{"line":80,"column":6},"end":{"line":80,"column":27}},"60":{"start":{"line":81,"column":6},"end":{"line":83,"column":7}},"61":{"start":{"line":82,"column":8},"end":{"line":82,"column":18}},"62":{"start":{"line":84,"column":6},"end":{"line":84,"column":43}},"63":{"start":{"line":88,"column":2},"end":{"line":101,"column":4}},"64":{"start":{"line":89,"column":4},"end":{"line":91,"column":5}},"65":{"start":{"line":90,"column":6},"end":{"line":90,"column":13}},"66":{"start":{"line":92,"column":4},"end":{"line":100,"column":7}},"67":{"start":{"line":93,"column":6},"end":{"line":96,"column":7}},"68":{"start":{"line":94,"column":8},"end":{"line":94,"column":16}},"69":{"start":{"line":95,"column":8},"end":{"line":95,"column":15}},"70":{"start":{"line":97,"column":6},"end":{"line":99,"column":9}},"71":{"start":{"line":103,"column":2},"end":{"line":142,"column":4}},"72":{"start":{"line":104,"column":4},"end":{"line":104,"column":43}},"73":{"start":{"line":105,"column":4},"end":{"line":107,"column":6}},"74":{"start":{"line":108,"column":4},"end":{"line":108,"column":75}},"75":{"start":{"line":109,"column":4},"end":{"line":111,"column":5}},"76":{"start":{"line":110,"column":6},"end":{"line":110,"column":13}},"77":{"start":{"line":112,"column":4},"end":{"line":112,"column":32}},"78":{"start":{"line":113,"column":4},"end":{"line":113,"column":81}},"79":{"start":{"line":114,"column":4},"end":{"line":114,"column":84}},"80":{"start":{"line":115,"column":4},"end":{"line":115,"column":175}},"81":{"start":{"line":116,"column":4},"end":{"line":127,"column":5}},"82":{"start":{"line":117,"column":6},"end":{"line":117,"column":20}},"83":{"start":{"line":118,"column":6},"end":{"line":122,"column":7}},"84":{"start":{"line":119,"column":8},"end":{"line":121,"column":9}},"85":{"start":{"line":120,"column":10},"end":{"line":120,"column":27}},"86":{"start":{"line":123,"column":6},"end":{"line":123,"column":46}},"87":{"start":{"line":124,"column":6},"end":{"line":126,"column":7}},"88":{"start":{"line":125,"column":8},"end":{"line":125,"column":73}},"89":{"start":{"line":128,"column":4},"end":{"line":128,"column":24}},"90":{"start":{"line":129,"column":4},"end":{"line":141,"column":7}},"91":{"start":{"line":130,"column":6},"end":{"line":133,"column":7}},"92":{"start":{"line":131,"column":8},"end":{"line":131,"column":16}},"93":{"start":{"line":132,"column":8},"end":{"line":132,"column":15}},"94":{"start":{"line":134,"column":6},"end":{"line":137,"column":7}},"95":{"start":{"line":135,"column":8},"end":{"line":135,"column":27}},"96":{"start":{"line":136,"column":8},"end":{"line":136,"column":15}},"97":{"start":{"line":138,"column":6},"end":{"line":140,"column":9}},"98":{"start":{"line":144,"column":2},"end":{"line":182,"column":4}},"99":{"start":{"line":145,"column":4},"end":{"line":145,"column":20}},"100":{"start":{"line":146,"column":4},"end":{"line":146,"column":60}},"101":{"start":{"line":147,"column":4},"end":{"line":149,"column":5}},"102":{"start":{"line":148,"column":6},"end":{"line":148,"column":13}},"103":{"start":{"line":150,"column":4},"end":{"line":150,"column":22}},"104":{"start":{"line":151,"column":4},"end":{"line":151,"column":67}},"105":{"start":{"line":152,"column":4},"end":{"line":181,"column":14}},"106":{"start":{"line":153,"column":6},"end":{"line":180,"column":8}},"107":{"start":{"line":154,"column":8},"end":{"line":154,"column":18}},"108":{"start":{"line":155,"column":8},"end":{"line":158,"column":9}},"109":{"start":{"line":156,"column":10},"end":{"line":156,"column":18}},"110":{"start":{"line":157,"column":10},"end":{"line":157,"column":17}},"111":{"start":{"line":159,"column":8},"end":{"line":159,"column":40}},"112":{"start":{"line":160,"column":8},"end":{"line":163,"column":9}},"113":{"start":{"line":161,"column":10},"end":{"line":161,"column":23}},"114":{"start":{"line":162,"column":10},"end":{"line":162,"column":17}},"115":{"start":{"line":164,"column":8},"end":{"line":167,"column":9}},"116":{"start":{"line":165,"column":10},"end":{"line":165,"column":22}},"117":{"start":{"line":166,"column":10},"end":{"line":166,"column":17}},"118":{"start":{"line":168,"column":8},"end":{"line":168,"column":82}},"119":{"start":{"line":169,"column":8},"end":{"line":169,"column":45}},"120":{"start":{"line":170,"column":8},"end":{"line":172,"column":9}},"121":{"start":{"line":171,"column":10},"end":{"line":171,"column":47}},"122":{"start":{"line":173,"column":8},"end":{"line":179,"column":11}},"123":{"start":{"line":174,"column":10},"end":{"line":177,"column":11}},"124":{"start":{"line":175,"column":12},"end":{"line":175,"column":20}},"125":{"start":{"line":176,"column":12},"end":{"line":176,"column":19}},"126":{"start":{"line":178,"column":10},"end":{"line":178,"column":22}},"127":{"start":{"line":184,"column":2},"end":{"line":206,"column":4}},"128":{"start":{"line":185,"column":4},"end":{"line":185,"column":60}},"129":{"start":{"line":186,"column":4},"end":{"line":188,"column":5}},"130":{"start":{"line":187,"column":6},"end":{"line":187,"column":13}},"131":{"start":{"line":189,"column":4},"end":{"line":189,"column":29}},"132":{"start":{"line":190,"column":4},"end":{"line":205,"column":14}},"133":{"start":{"line":191,"column":6},"end":{"line":204,"column":8}},"134":{"start":{"line":192,"column":8},"end":{"line":195,"column":9}},"135":{"start":{"line":193,"column":10},"end":{"line":193,"column":18}},"136":{"start":{"line":194,"column":10},"end":{"line":194,"column":17}},"137":{"start":{"line":196,"column":8},"end":{"line":201,"column":9}},"138":{"start":{"line":197,"column":10},"end":{"line":199,"column":13}},"139":{"start":{"line":200,"column":10},"end":{"line":200,"column":17}},"140":{"start":{"line":202,"column":8},"end":{"line":202,"column":29}},"141":{"start":{"line":203,"column":8},"end":{"line":203,"column":33}},"142":{"start":{"line":208,"column":2},"end":{"line":234,"column":4}},"143":{"start":{"line":209,"column":4},"end":{"line":209,"column":11}},"144":{"start":{"line":210,"column":4},"end":{"line":210,"column":404}},"145":{"start":{"line":211,"column":4},"end":{"line":233,"column":14}},"146":{"start":{"line":212,"column":6},"end":{"line":232,"column":8}},"147":{"start":{"line":213,"column":8},"end":{"line":216,"column":9}},"148":{"start":{"line":214,"column":10},"end":{"line":214,"column":18}},"149":{"start":{"line":215,"column":10},"end":{"line":215,"column":17}},"150":{"start":{"line":217,"column":8},"end":{"line":231,"column":9}},"151":{"start":{"line":218,"column":10},"end":{"line":226,"column":13}},"152":{"start":{"line":219,"column":12},"end":{"line":222,"column":13}},"153":{"start":{"line":220,"column":14},"end":{"line":220,"column":22}},"154":{"start":{"line":221,"column":14},"end":{"line":221,"column":21}},"155":{"start":{"line":223,"column":12},"end":{"line":225,"column":15}},"156":{"start":{"line":228,"column":10},"end":{"line":230,"column":13}},"157":{"start":{"line":236,"column":2},"end":{"line":289,"column":4}},"158":{"start":{"line":237,"column":4},"end":{"line":237,"column":34}},"159":{"start":{"line":238,"column":4},"end":{"line":238,"column":51}},"160":{"start":{"line":239,"column":4},"end":{"line":241,"column":5}},"161":{"start":{"line":240,"column":6},"end":{"line":240,"column":13}},"162":{"start":{"line":242,"column":4},"end":{"line":242,"column":67}},"163":{"start":{"line":243,"column":4},"end":{"line":243,"column":61}},"164":{"start":{"line":244,"column":4},"end":{"line":288,"column":14}},"165":{"start":{"line":245,"column":6},"end":{"line":287,"column":8}},"166":{"start":{"line":246,"column":8},"end":{"line":246,"column":75}},"167":{"start":{"line":247,"column":8},"end":{"line":250,"column":9}},"168":{"start":{"line":248,"column":10},"end":{"line":248,"column":18}},"169":{"start":{"line":249,"column":10},"end":{"line":249,"column":17}},"170":{"start":{"line":251,"column":8},"end":{"line":256,"column":9}},"171":{"start":{"line":252,"column":10},"end":{"line":254,"column":13}},"172":{"start":{"line":255,"column":10},"end":{"line":255,"column":17}},"173":{"start":{"line":257,"column":8},"end":{"line":257,"column":24}},"174":{"start":{"line":258,"column":8},"end":{"line":258,"column":23}},"175":{"start":{"line":259,"column":8},"end":{"line":259,"column":22}},"176":{"start":{"line":260,"column":8},"end":{"line":266,"column":9}},"177":{"start":{"line":261,"column":10},"end":{"line":261,"column":22}},"178":{"start":{"line":262,"column":10},"end":{"line":262,"column":32}},"179":{"start":{"line":263,"column":10},"end":{"line":263,"column":49}},"180":{"start":{"line":264,"column":10},"end":{"line":264,"column":77}},"181":{"start":{"line":265,"column":10},"end":{"line":265,"column":35}},"182":{"start":{"line":267,"column":8},"end":{"line":267,"column":36}},"183":{"start":{"line":268,"column":8},"end":{"line":276,"column":23}},"184":{"start":{"line":269,"column":10},"end":{"line":269,"column":31}},"185":{"start":{"line":270,"column":10},"end":{"line":270,"column":23}},"186":{"start":{"line":271,"column":10},"end":{"line":274,"column":11}},"187":{"start":{"line":272,"column":12},"end":{"line":272,"column":28}},"188":{"start":{"line":273,"column":12},"end":{"line":273,"column":71}},"189":{"start":{"line":275,"column":10},"end":{"line":275,"column":25}},"190":{"start":{"line":277,"column":8},"end":{"line":277,"column":199}},"191":{"start":{"line":278,"column":8},"end":{"line":286,"column":11}},"192":{"start":{"line":279,"column":10},"end":{"line":282,"column":11}},"193":{"start":{"line":280,"column":12},"end":{"line":280,"column":20}},"194":{"start":{"line":281,"column":12},"end":{"line":281,"column":19}},"195":{"start":{"line":283,"column":10},"end":{"line":285,"column":13}},"196":{"start":{"line":291,"column":2},"end":{"line":344,"column":4}},"197":{"start":{"line":292,"column":4},"end":{"line":292,"column":57}},"198":{"start":{"line":293,"column":4},"end":{"line":295,"column":5}},"199":{"start":{"line":294,"column":6},"end":{"line":294,"column":13}},"200":{"start":{"line":296,"column":4},"end":{"line":343,"column":14}},"201":{"start":{"line":297,"column":6},"end":{"line":342,"column":8}},"202":{"start":{"line":298,"column":8},"end":{"line":298,"column":30}},"203":{"start":{"line":299,"column":8},"end":{"line":302,"column":9}},"204":{"start":{"line":300,"column":10},"end":{"line":300,"column":18}},"205":{"start":{"line":301,"column":10},"end":{"line":301,"column":17}},"206":{"start":{"line":303,"column":8},"end":{"line":308,"column":9}},"207":{"start":{"line":304,"column":10},"end":{"line":306,"column":13}},"208":{"start":{"line":307,"column":10},"end":{"line":307,"column":17}},"209":{"start":{"line":309,"column":8},"end":{"line":309,"column":16}},"210":{"start":{"line":310,"column":8},"end":{"line":316,"column":9}},"211":{"start":{"line":311,"column":10},"end":{"line":311,"column":26}},"212":{"start":{"line":312,"column":10},"end":{"line":312,"column":103}},"213":{"start":{"line":313,"column":10},"end":{"line":313,"column":91}},"214":{"start":{"line":314,"column":10},"end":{"line":314,"column":102}},"215":{"start":{"line":315,"column":10},"end":{"line":315,"column":75}},"216":{"start":{"line":317,"column":8},"end":{"line":317,"column":84}},"217":{"start":{"line":318,"column":8},"end":{"line":341,"column":11}},"218":{"start":{"line":319,"column":10},"end":{"line":319,"column":37}},"219":{"start":{"line":320,"column":10},"end":{"line":323,"column":11}},"220":{"start":{"line":321,"column":12},"end":{"line":321,"column":20}},"221":{"start":{"line":322,"column":12},"end":{"line":322,"column":19}},"222":{"start":{"line":324,"column":10},"end":{"line":324,"column":20}},"223":{"start":{"line":325,"column":10},"end":{"line":325,"column":30}},"224":{"start":{"line":326,"column":10},"end":{"line":329,"column":11}},"225":{"start":{"line":327,"column":12},"end":{"line":327,"column":23}},"226":{"start":{"line":328,"column":12},"end":{"line":328,"column":30}},"227":{"start":{"line":330,"column":10},"end":{"line":340,"column":11}},"228":{"start":{"line":331,"column":12},"end":{"line":335,"column":15}},"229":{"start":{"line":332,"column":14},"end":{"line":334,"column":17}},"230":{"start":{"line":337,"column":12},"end":{"line":339,"column":15}},"231":{"start":{"line":346,"column":2},"end":{"line":348,"column":4}},"232":{"start":{"line":347,"column":4},"end":{"line":347,"column":24}},"233":{"start":{"line":350,"column":2},"end":{"line":352,"column":4}},"234":{"start":{"line":351,"column":4},"end":{"line":351,"column":22}},"235":{"start":{"line":354,"column":2},"end":{"line":404,"column":4}},"236":{"start":{"line":355,"column":4},"end":{"line":355,"column":65}},"237":{"start":{"line":356,"column":4},"end":{"line":358,"column":5}},"238":{"start":{"line":357,"column":6},"end":{"line":357,"column":13}},"239":{"start":{"line":359,"column":4},"end":{"line":359,"column":29}},"240":{"start":{"line":360,"column":4},"end":{"line":403,"column":14}},"241":{"start":{"line":361,"column":6},"end":{"line":402,"column":8}},"242":{"start":{"line":362,"column":8},"end":{"line":362,"column":36}},"243":{"start":{"line":363,"column":8},"end":{"line":366,"column":9}},"244":{"start":{"line":364,"column":10},"end":{"line":364,"column":18}},"245":{"start":{"line":365,"column":10},"end":{"line":365,"column":17}},"246":{"start":{"line":367,"column":8},"end":{"line":370,"column":9}},"247":{"start":{"line":368,"column":10},"end":{"line":368,"column":23}},"248":{"start":{"line":369,"column":10},"end":{"line":369,"column":17}},"249":{"start":{"line":371,"column":8},"end":{"line":371,"column":22}},"250":{"start":{"line":372,"column":8},"end":{"line":376,"column":9}},"251":{"start":{"line":373,"column":10},"end":{"line":375,"column":11}},"252":{"start":{"line":374,"column":12},"end":{"line":374,"column":29}},"253":{"start":{"line":377,"column":8},"end":{"line":381,"column":9}},"254":{"start":{"line":378,"column":10},"end":{"line":378,"column":83}},"255":{"start":{"line":380,"column":10},"end":{"line":380
[...]
;","        return;","      }","      if (resp[4] !== \"OK\") {","        cb(\"Unknow error\");","        return;","      }","      cb(null, {","        token: token","      });","    });","  };","","  RedisSessions.prototype.get = function(options, cb) {","    var now, thekey;","    options = this._validate(options, [\"app\", \"token\"], cb);","    if (options === false) {","      return;","    }","    now = this._now();","    thekey = \"\" + this.redisns + options.app + \":\" + options.token;","    this.redis.hmget(thekey, \"id\", \"r\", \"w\", \"ttl\", \"d\", \"la\", \"ip\", (function(_this) {","      return function(err, resp) {","        var mc, o;","        if (err) {","          cb(err);","          return;","        }","        o = _this._prepareSession(resp);","        if (o === null) {","          cb(null, {});","          return;","        }","        if (options._noupdate) {","          cb(null, o);","          return;","        }","        mc = _this._createMultiStatement(options.app, options.token, o.id, o.ttl);","        mc.push([\"hincrby\", thekey, \"r\", 1]);","        if (o.idle > 1) {","          mc.push([\"hset\", thekey, \"la\", now]);","        }","        _this.redis.multi(mc).exec(function(err, resp) {","          if (err) {","            cb(err);","            return;","          }","          cb(null, o);","        });","      };","    })(this));","  };","","  RedisSessions.prototype.kill = function(options, cb) {","    options = this._validate(options, [\"app\", \"token\"], cb);","    if (options === false) {","      return;","    }","    options._noupdate = true;","    this.get(options, (function(_this) {","      return function(err, resp) {","        if (err) {","          cb(err);","          return;","        }","        if (!resp.id) {","          cb(null, {","            kill: 0","          });","          return;","        }","        options.id = resp.id;","        _this._kill(options, cb);","      };","    })(this));","  };","","  RedisSessions.prototype._kill = function(options, cb) {","    var mc;","    mc = [[\"zrem\", \"\" + this.redisns + options.app + \":_sessions\", options.token + \":\" + options.id], [\"srem\", \"\" + this.redisns + options.app + \":us:\" + options.id, options.token], [\"zrem\", this.redisns + \"SESSIONS\", options.app + \":\" + options.token + \":\" + options.id], [\"del\", \"\" + this.redisns + options.app + \":\" + options.token], [\"exists\", \"\" + this.redisns + options.app + \":us:\" + options.id]];","    this.redis.multi(mc).exec((function(_this) {","      return function(err, resp) {","        if (err) {","          cb(err);","          return;","        }","        if (resp[4] === 0) {","          _this.redis.zrem(\"\" + _this.redisns + options.app + \":_users\", options.id, function() {","            if (err) {","              cb(err);","              return;","            }","            cb(null, {","              kill: resp[3]","            });","          });","        } else {","          cb(null, {","            kill: resp[3]","          });","        }","      };","    })(this));","  };","","  RedisSessions.prototype.killall = function(options, cb) {","    var appsessionkey, appuserkey;","    options = this._validate(options, [\"app\"], cb);","    if (options === false) {","      return;","    }","    appsessionkey = \"\" + this.redisns + options.app + \":_sessions\";","    appuserkey = \"\" + this.redisns + options.app + \":_users\";","    this.redis.zrange(appsessionkey, 0, -1, (function(_this) {","      return function(err, resp) {","        var e, globalkeys, j, len, mc, thekey, tokenkeys, userkeys, ussets;","        if (err) {","          cb(err);","          return;","        }","        if (!resp.length) {","          cb(null, {","            kill: 0","          });","          return;","        }","        globalkeys = [];","        tokenkeys = [];","        userkeys = [];","        for (j = 0, len = resp.length; j < len; j++) {","          e = resp[j];","          thekey = e.split(\":\");","          globalkeys.push(options.app + \":\" + e);","          tokenkeys.push(\"\" + _this.redisns + options.app + \":\" + thekey[0]);","          userkeys.push(thekey[1]);","        }","        userkeys = _.uniq(userkeys);","        ussets = (function() {","          var k, len1, results;","          results = [];","          for (k = 0, len1 = userkeys.length; k < len1; k++) {","            e = userkeys[k];","            results.push(\"\" + this.redisns + options.app + \":us:\" + e);","          }","          return results;","        }).call(_this);","        mc = [[\"zrem\", appsessionkey].concat(resp), [\"zrem\", appuserkey].concat(userkeys), [\"zrem\", _this.redisns + \"SESSIONS\"].concat(globalkeys), [\"del\"].concat(ussets), [\"del\"].concat(tokenkeys)];","        _this.redis.multi(mc).exec(function(err, resp) {","          if (err) {","            cb(err);","            return;","          }","          cb(null, {","            kill: resp[0]","          });","        });","      };","    })(this));","  };","","  RedisSessions.prototype.killsoid = function(options, cb) {","    options = this._validate(options, [\"app\", \"id\"], cb);","    if (options === false) {","      return;","    }","    this.redis.smembers(\"\" + this.redisns + options.app + \":us:\" + options.id, (function(_this) {","      return function(err, resp) {","        var j, len, mc, token;","        if (err) {","          cb(err);","          return;","        }","        if (!resp.length) {","          cb(null, {","            kill: 0","          });","          return;","        }","        mc = [];","        for (j = 0, len = resp.length; j < len; j++) {","          token = resp[j];","          mc.push([\"zrem\", \"\" + _this.redisns + options.app + \":_sessions\", token + \":\" + options.id]);","          mc.push([\"srem\", \"\" + _this.redisns + options.app + \":us:\" + options.id, token]);","          mc.push([\"zrem\", _this.redisns + \"SESSIONS\", options.app + \":\" + token + \":\" + options.id]);","          mc.push([\"del\", \"\" + _this.redisns + options.app + \":\" + token]);","        }","        mc.push([\"exists\", \"\" + _this.redisns + options.app + \":us:\" + options.id]);","        _this.redis.multi(mc).exec(function(err, resp) {","          var e, k, len1, ref, total;","          if (err) {","            cb(err);","            return;","          }","          total = 0;","          ref = resp.slice(3);","          for (k = 0, len1 = ref.length; k < len1; k += 4) {","            e = ref[k];","            total = total + e;","          }","          if (_.last(resp) === 0) {","            _this.redis.zrem(\"\" + _this.redisns + options.app + \":_users\", options.id, function() {","              cb(null, {","                kill: total","              });","            });","          } else {","            cb(null, {","              kill: total","            });","          }","        });","      };","    })(this));","  };","","  RedisSessions.prototype.ping = function(cb) {","    this.redis.ping(cb);","  };","","  RedisSessions.prototype.quit = function() {","    this.redis.quit();","  };","","  RedisSessions.prototype.set = function(options, cb) {","    options = this._validate(options, [\"app\", \"token\", \"d\"], cb);","    if (options === false) {","      return;","    }","    options._noupdate = true;","    this.get(options, (function(_this) {","      return function(err, resp) {","        var e, mc, nullkeys, thekey;","        if (err) {","          cb(err);","          return;","        }","        if (!resp.id) {","          cb(null, {});","          return;","        }","        nullkeys = [];","        for (e in options.d) {","          if (options.d[e] === null) {","            nullkeys.push(e);","          }","        }","        if (resp.d) {","          resp.d = _.extend(_.omit(resp.d, nullkeys), _.omit(options.d, nullkeys));","        } else {","          resp.d = _.omit(options.d, nullkeys);","        }","        thekey = \"\" + _this.redisns + options.app + \":\" + options.token;","        mc = _this._createMultiStatement(options.app, options.token, resp.id, resp.ttl);","        mc.push([\"hincrby\", thekey, \"w\", 1]);","        if (resp.idle > 1) {","          mc.push([\"hset\", thekey, \"la\", _this._now()]);","        }","        if (_.keys(resp.d).length) {","          mc.push([\"hset\", thekey, \"d\", JSON.stringify(resp.d)]);","        } else {","          mc.push([\"hdel\", thekey, \"d\"]);","          resp = _.omit(resp, \"d\");","        }","        _this.redis.multi(mc).exec(function(err, reply) {","          if (err) {","            cb(err);","            return;","          }","          resp.w = reply[3];","          cb(null, resp);","        });","      };","    })(this));","  };","","  RedisSessions.prototype.soapp = function(options, cb) {","    if (this._validate(options, [\"app\", \"dt\"], cb) === false) {","      return;","    }","    this.redis.zrevrangebyscore(\"\" + this.redisns + options.app + \":_sessions\", \"+inf\", this._now() - options.dt, (function(_this) {","      return function(err, resp) {","        var e;","        if (err) {","          cb(err);","          return;","        }","        resp = (function() {","          var j, len, results;","          results = [];","          for (j = 0, len = resp.length; j < len; j++) {","            e = resp[j];","            results.push(e.split(':')[0]);","          }","          return results;","        })();","        _this._returnSessions(options, resp, cb);","      };","    })(this));","  };","","  RedisSessions.prototype.soid = function(options, cb) {","    options = this._validate(options, [\"app\", \"id\"], cb);","    if (options === false) {","      return;","    }","    this.redis.smembers(\"\" + this.redisns + options.app + \":us:\" + options.id, (function(_this) {","      return function(err, resp) {","        if (err) {","          cb(err);","          return;","        }","        _this._returnSessions(options, resp, cb);","      };","    })(this));","  };","","  RedisSessions.prototype._createMultiStatement = function(app, token, id, ttl) {","    var now;","    now = this._now();","    return [[\"zadd\", \"\" + this.redisns + app + \":_sessions\", now, token + \":\" + id], [\"zadd\", \"\" + this.redisns + app + \":_users\", now, id], [\"zadd\", this.redisns + \"SESSIONS\", now + ttl, app + \":\" + token + \":\" + id]];","  };","","  RedisSessions.prototype._createToken = function() {","    var i, j, possible, t;","    t = \"\";","    possible = \"ABCDEFGHIJKLMNOPQRSTUVWXYabcdefghijklmnopqrstuvwxyz0123456789\";","    for (i = j = 0; j < 55; i = ++j) {","      t += possible.charAt(Math.floor(Math.random() * possible.length));","    }","    return t + 'Z' + new Date().getTime().toString(36);","  };","","  RedisSessions.prototype._handleError = function(cb, err, data) {","    var _err, ref;","    if (data == null) {","      data = {};","    }","    if (_.isString(err)) {","      _err = new Error();","      _err.name = err;","      _err.message = ((ref = this._ERRORS) != null ? typeof ref[err] === \"function\" ? ref[err](data) : void 0 : void 0) || \"unkown\";","    } else {","      _err = err;","    }","    cb(_err);","  };","","  RedisSessions.prototype._initErrors = function() {","    var key, msg, ref;","    this._ERRORS = {};","    ref = this.ERRORS;","    for (key in ref) {","      msg = ref[key];","      this._ERRORS[key] = _.template(msg);","    }","  };","","  RedisSessions.prototype._now = function() {","    return parseInt((new Date()).getTime() / 1000);","  };","","  RedisSessions.prototype._prepareSession = function(session) {","    var now, o;","    now = this._now();","    if (session[0] === null) {","      return null;","    }","    o = {","      id: session[0],","      r: Number(session[1]),","      w: Number(session[2]),","      ttl: Number(session[3]),","      idle: now - session[5],","      ip: session[6]","    };","    if (o.ttl < o.idle) {","      return null;","    }","    if (session[4]) {","      o.d = JSON.parse(session[4]);","    }","    return o;","  };","","  RedisSessions.prototype._returnSessions = function(options, sessions, cb) {","    var e, mc;","    if (!sessions.length) {","      cb(null, {","        sessions: []","      });","      return;","    }","    mc = (function() {","      var j, len, results;","      results = [];","      for (j = 0, len = sessions.length; j < len; j++) {","        e = sessions[j];","        results.push([\"hmget\", \"\" + this.redisns + options.app + \":\" + e, \"id\", \"r\", \"w\", \"ttl\", \"d\", \"la\", \"ip\"]);","      }","      return results;","    }).call(this);","    this.redis.multi(mc).exec((function(_this) {","      return function(err, resp) {","        var j, len, o, session;","        if (err) {","          cb(err);","          return;","        }","        o = [];","        for (j = 0, len = resp.length; j < len; j++) {","          e = resp[j];","          session = _this._prepareSession(e);","          if (session !== null) {","            o.push(session);","          }","        }","        cb(null, {","          sessions: o","        });","      };","    })(this));","  };","","  RedisSessions.prototype._VALID = {","    app: /^([a-zA-Z0-9_-]){3,20}$/,","    id: /^([a-zA-Z0-9_-]){1,64}$/,","    ip: /^.{1,39}$/,","    token: /^([a-zA-Z0-9]){64}$/","  };","","  RedisSessions.prototype._validate = function(o, items, cb) {","    var e, item, j, keys, len;","    for (j = 0, len = items.length; j < len; j++) {","      item = items[j];","      switch (item) {","        case \"app\":","        case \"id\":","        case \"ip\":","        case \"token\":","          if (!o[item]) {","            this._handleError(cb, \"missingParameter\", {","              item: item","            });","            return false;","          }","          o[item] = o[item].toString();","          if (!this._VALID[item].test(o[item])) {","            this._handleError(cb, \"invalidFormat\", {","              item: item","            });","            return false;","          }","          break;","        case \"ttl\":","          o.ttl = parseInt(o.ttl || 7200, 10);","          if (_.isNaN(o.ttl) || !_.isNumber(o.ttl) || o.ttl < 10) {","            this._handleError(cb, \"invalidValue\", {","              msg: \"ttl must be a positive integer >= 10\"","            });","            return false;","          }","          break;","        case \"dt\":","          o[item] = parseInt(o[item], 10);","          if (_.isNaN(o[item]) || !_.isNumber(o[item]) || o[item] < 10) {","            this._handleError(cb, \"invalidValue\", {","              msg: \"ttl must be a positive integer >= 10\"","            });","            return false;","          }","          break;","        case \"d\":","          if (!o[item]) {","            this._handleError(cb, \"missingParameter\", {","              item: item","            });","            return false;","          }","          if (!_.isObject(o.d) || _.isArray(o.d)) {","            this._handleError(cb, \"invalidValue\", {","              msg: \"d must be an object\"","            });","            return false;","          }","          keys = _.keys(o.d);","          if (!keys.length) {","            this._handleError(cb, \"invalidValue\", {","              msg: \"d must containt at least one key.\"","            });","            return false;","          }","          for (e in o.d) {","            if (!_.isString(o.d[e]) && !_.isNumber(o.d[e]) && !_.isBoolean(o.d[e]) && !_.isNull(o.d[e])) {","              this._handleError(cb, \"invalidValue\", {","                msg: \"d.\" + e + \" has a forbidden type. Only strings, numbers, boolean and null are allowed.\"","              });","              return false;","            }","          }","      }","    }","    return o;","  };","","  RedisSessions.prototype._wipe = function() {","    var that;","    that = this;","    this.redis.zrangebyscore(this.redisns + \"SESSIONS\", \"-inf\", this._now(), function(err, resp) {","      if (!err && resp.length) {","        _.each(resp, function(e) {","          var options;","          e = e.split(':');","          options = {","            app: e[0],","            token: e[1],","            id: e[2]","          };","          that._kill(options, function() {});","        });","        return;","      }","    });","  };","","  RedisSessions.prototype.ERRORS = {","    \"missingParameter\": \"No <%= item %> supplied\",","    \"invalidFormat\": \"Invalid <%= item %> format\",","    \"invalidValue\": \"<%= msg %>\"","  };","","  return RedisSessions;","","})(EventEmitter);","","module.exports = RedisSessions;",""],"l":{"16":1,"17":0,"18":5,"21":1,"23":1,"25":1,"27":1,"28":1,"30":1,"31":0,"32":0,"33":0,"35":0,"36":0,"37":0,"38":0,"39":0,"40":0,"41":0,"42":0,"43":0,"44":0,"45":0,"46":0,"47":0,"48":0,"49":0,"50":0,"51":0,"52":0,"53":0,"54":0,"55":0,"56":0,"57":0,"59":0,"61":0,"62":0,"63":0,"64":0,"65":0,"68":0,"69":0,"70":0,"71":0,"72":0,"74":0,"75":0,"79":0,"80":0,"81":0,"82":0,"84":0,"88":1,"89":0,"90":0,"92":0,"93":0,"94":0,"95":0,"97":0,"103":1,"104":0,"105":0,"108":0,"109":0,"110":0,"112":0,"113":0,"114":0,"115":0,"116":0,"117":0,"118":0,"119":0,"120":0,"123":0,"124":0,"125":0,"128":0,"129":0,"130":0,"131":0,"132":0,"134":0,"135":0,"136":0,"138":0,"144":1,"145":0,"146":0,"147":0,"148":0,"150":0,"151":0,"152":0,"153":0,"154":0,"155":0,"156":0,"157":0,"159":0,"160":0,"161":0,"162":0,"164":0,"165":0,"166":0,"168":0,"169":0,"170":0,"171":0,"173":0,"174":0,"175":0,"176":0,"178":0,"184":1,"185":0,"186":0,"187":0,"189":0,"190":0,"191":0,"192":0,"193":0,"194":0,"196":0,"197":0,"200":0,"202":0,"203":0,"208":1,"209":0,"210":0,"211":0,"212":0,"213":0,"214":0,"215":0,"217":0,"218":0,"219":0,"220":0,"221":0,"223":0,"228":0,"236":1,"237":0,"238":0,"239":0,"240":0,"242":0,"243":0,"244":0,"245":0,"246":0,"247":0,"248":0,"249":0,"251":0,"252":0,"255":0,"257":0,"258":0,"259":0,"260":0,"261":0,"262":0,"263":0,"264":0,"265":0,"267":0,"268":0,"269":0,"270":0,"271":0,"272":0,"273":0,"275":0,"277":0,"278":0,"279":0,"280":0,"281":0,"283":0,"291":1,"292":0,"293":0,"294":0,"296":0,"297":0,"298":0,"299":0,"300":0,"301":0,"303":0,"304":0,"307":0,"309":0,"310":0,"311":0,"312":0,"313":0,"314":0,"315":0,"317":0,"318":0,"319":0,"320":0,"321":0,"322":0,"324":0,"325":0,"326":0,"327":0,"328":0,"330":0,"331":0,"332":0,"337":0,"346":1,"347":0,"350":1,"351":0,"354":1,"355":0,"356":0,"357":0,"359":0,"360":0,"361":0,"362":0,"363":0,"364":0,"365":0,"367":0,"368":0,"369":0,"371":0,"372":0,"373":0,"374":0,"377":0,"378":0,"380":0,"382":0,"383":0,"384":0,"385":0,"386":0,"388":0,"389":0,"391":0,"392":0,"394":0,"395":0,"396":0,"397":0,"399":0,"400":0,"406":1,"407":0,"408":0,"410":0,"411":0,"412":0,"413":0,"414":0,"415":0,"417":0,"418":0,"419":0,"420":0,"421":0,"422":0,"424":0,"426":0,"431":1,"432":0,"433":0,"434":0,"436":0,"437":0,"438":0,"439":0,"440":0,"442":0,"447":1,"448":0,"449":0,"450":0,"453":1,"454":0,"455":0,"456":0,"457":0,"458":0,"460":0,"463":1,"464":0,"465":0,"466":0,"468":0,"469":0,"470":0,"471":0,"473":0,"475":0,"478":1,"479":0,"480":0,"481":0,"482":0,"483":0,"484":0,"488":1,"489":0,"492":1,"493":0,"494":0,"495":0,"496":0,"498":0,"506":0,"507":0,"509":0,"510":0,"512":0,"515":1,"516":0,"517":0,"518":0,"521":0,"523":0,"524":0,"525":0,"526":0,"527":0,"528":0,"530":0,"532":0,"533":0,"534":0,"535":0,"536":0,"537":0,"539":0,"540":0,"541":0,"542":0,"543":0,"544":0,"547":0,"554":1,"561":1,"562":0,"563":0,"564":0,"565":0,"570":0,"571":0,"574":0,"576":0,"577":0,"578":0,"581":0,"583":0,"585":0,"586":0,"587":0,"590":0,"592":0,"594":0,"595":0,"596":0,"599":0,"601":0,"603":0,"604":0,"607":0,"609":0,"610":0,"613":0,"615":0,"616":0,"617":0,"620":0,"622":0,"623":0,"624":0,"627":0,"632":0,"635":1,"636":0,"637":0,"638":0,"639":0,"640":0,"641":0,"642":0,"643":0,"648":0,"650":0,"655":1,"661":1,"665":1}}}